"G:/My games/ProtocolApocolypse/Content/FirstPerson/Character/Textures/UE4_LOGO_CARD.uasset" 0
"G:/My games/ProtocolApocolypse/Content/FirstPerson/FPWeapon/Materials/MaterialLayers/ML_Plastic_Shiny_Beige_LOGO.uasset" 1
"G:/My games/ProtocolApocolypse/Content/FirstPerson/FPWeapon/Materials/MaterialLayers/T_ML_FineRubber.uasset" 2
"G:/My games/ProtocolApocolypse/Content/FirstPerson/FPWeapon/Mesh/SK_FPGun_PhysicsAsset.uasset" 3
"G:/My games/ProtocolApocolypse/Content/FirstPerson/Meshes/BaseMaterial.uasset" 4
"G:/My games/ProtocolApocolypse/Content/FirstPerson/Meshes/FirstPersonProjectileMaterial.uasset" 5
"G:/My games/ProtocolApocolypse/Content/FirstPerson/Meshes/FirstPersonProjectileMesh.uasset" 6
"G:/My games/ProtocolApocolypse/Content/FirstPerson/Character/Mesh/SK_Mannequin_Arms_Skeleton.uasset" 7
"G:/My games/ProtocolApocolypse/Content/FirstPerson/Animations/FirstPerson_Idle.uasset" 8
"G:/My games/ProtocolApocolypse/Content/FirstPerson/Animations/FirstPerson_JumpEnd.uasset" 9
"G:/My games/ProtocolApocolypse/Content/FirstPerson/Animations/FirstPerson_JumpLoop.uasset" 10
"G:/My games/ProtocolApocolypse/Content/FirstPerson/Animations/FirstPerson_JumpStart.uasset" 11
"G:/My games/ProtocolApocolypse/Content/FirstPerson/Animations/FirstPerson_Run.uasset" 12
"../../../Engine/Content/EditorBlueprintResources/StandardMacros.uasset" 13
"G:/My games/ProtocolApocolypse/Content/FirstPerson/Animations/FirstPerson_AnimBP.uasset" 14
"G:/My games/ProtocolApocolypse/Content/FirstPerson/Animations/FirstPerson_Fire.uasset" 15
"G:/My games/ProtocolApocolypse/Content/FirstPerson/Animations/FirstPersonFire_Montage.uasset" 16
"G:/My games/ProtocolApocolypse/Content/FirstPerson/Audio/FirstPersonTemplateWeaponFire02.uasset" 17
"../../../Engine/Content/Functions/Engine_MaterialFunctions02/Utility/BlendAngleCorrectedNormals.uasset" 18
"../../../Engine/Content/Functions/MaterialLayerFunctions/MatLayerBlend_NormalBlend.uasset" 19
"../../../Engine/Content/Functions/MaterialLayerFunctions/MatLayerBlend_Simple.uasset" 20
"G:/My games/ProtocolApocolypse/Content/FirstPerson/Character/Materials/MaterialLayers/T_ML_Rubber_Blue_01_D.uasset" 21
"G:/My games/ProtocolApocolypse/Content/FirstPerson/Character/Materials/MaterialLayers/T_ML_Rubber_Blue_01_N.uasset" 22
"G:/My games/ProtocolApocolypse/Content/FirstPerson/Character/Materials/MaterialLayers/ML_GlossyBlack_Latex_UE4.uasset" 23
"G:/My games/ProtocolApocolypse/Content/FirstPerson/Character/Materials/MaterialLayers/ML_Plastic_Shiny_Beige.uasset" 24
"G:/My games/ProtocolApocolypse/Content/FirstPerson/Character/Materials/MaterialLayers/ML_Plastic_Shiny_Beige_LOGO.uasset" 25
"G:/My games/ProtocolApocolypse/Content/FirstPerson/Character/Materials/MaterialLayers/T_ML_Aluminum01.uasset" 26
"G:/My games/ProtocolApocolypse/Content/FirstPerson/Character/Materials/MaterialLayers/T_ML_Aluminum01_N.uasset" 27
"G:/My games/ProtocolApocolypse/Content/FirstPerson/Character/Materials/MaterialLayers/ML_SoftMetal_UE4.uasset" 28
"G:/My games/ProtocolApocolypse/Content/FirstPerson/Character/Textures/UE4_Mannequin__normals.uasset" 29
"G:/My games/ProtocolApocolypse/Content/FirstPerson/Character/Textures/UE4_Mannequin_MAT_MASKA.uasset" 30
"G:/My games/ProtocolApocolypse/Content/FirstPerson/Character/Materials/M_UE4Man_Body.uasset" 31
"G:/My games/ProtocolApocolypse/Content/FirstPerson/Character/Mesh/SK_Mannequin_Arms_PhysicsAsset.uasset" 32
"G:/My games/ProtocolApocolypse/Content/FirstPerson/Character/Mesh/SK_Mannequin_Arms.uasset" 33
"G:/My games/ProtocolApocolypse/Content/FirstPerson/FPWeapon/Materials/MaterialLayers/T_ML_Rubber_Blue_01_D.uasset" 34
"G:/My games/ProtocolApocolypse/Content/FirstPerson/FPWeapon/Materials/MaterialLayers/T_ML_Rubber_Blue_01_N.uasset" 35
"G:/My games/ProtocolApocolypse/Content/FirstPerson/FPWeapon/Materials/MaterialLayers/ML_GlossyBlack_Latex_UE4.uasset" 36
"G:/My games/ProtocolApocolypse/Content/FirstPerson/FPWeapon/Materials/MaterialLayers/ML_Plastic_Shiny_Beige.uasset" 37
"G:/My games/ProtocolApocolypse/Content/FirstPerson/FPWeapon/Materials/MaterialLayers/ML_Screen.uasset" 38
"G:/My games/ProtocolApocolypse/Content/FirstPerson/FPWeapon/Materials/MaterialLayers/T_ML_Aluminum01.uasset" 39
"G:/My games/ProtocolApocolypse/Content/FirstPerson/FPWeapon/Materials/MaterialLayers/T_ML_Aluminum01_N.uasset" 40
"G:/My games/ProtocolApocolypse/Content/FirstPerson/FPWeapon/Materials/MaterialLayers/ML_SoftMetal_UE4.uasset" 41
"G:/My games/ProtocolApocolypse/Content/FirstPerson/FPWeapon/Textures/T_FPGun_M.uasset" 42
"G:/My games/ProtocolApocolypse/Content/FirstPerson/FPWeapon/Textures/T_FPGun_N.uasset" 43
"G:/My games/ProtocolApocolypse/Content/FirstPerson/FPWeapon/Materials/M_FPGun.uasset" 44
"G:/My games/ProtocolApocolypse/Content/FirstPerson/FPWeapon/Mesh/SK_FPGun_Skeleton.uasset" 45
"G:/My games/ProtocolApocolypse/Content/FirstPerson/FPWeapon/Mesh/SK_FPGun.uasset" 46
"G:/My games/ProtocolApocolypse/Content/FirstPersonBP/Blueprints/FirstPersonCharacter.uasset" 47
"G:/My games/ProtocolApocolypse/Content/FirstPerson/Textures/FirstPersonCrosshair.uasset" 48
"G:/My games/ProtocolApocolypse/Content/FirstPersonBP/Blueprints/FirstPersonHUD.uasset" 49
"G:/My games/ProtocolApocolypse/Content/FirstPersonBP/Blueprints/FirstPersonGameMode.uasset" 50
"G:/My games/ProtocolApocolypse/Content/Geometry/Meshes/CubeMaterial.uasset" 51
"G:/My games/ProtocolApocolypse/Content/Geometry/Meshes/1M_Cube_Chamfer.uasset" 52
"G:/My games/ProtocolApocolypse/Content/Mannequin/Character/Mesh/UE4_Mannequin_Skeleton.uasset" 53
"G:/My games/ProtocolApocolypse/Content/Mannequin/Animations/ThirdPersonJump_End.uasset" 54
"G:/My games/ProtocolApocolypse/Content/StarterContent/Materials/M_Basic_Wall.uasset" 55
"G:/My games/ProtocolApocolypse/Content/StarterContent/Architecture/Pillar_50x500.uasset" 56
"G:/My games/ProtocolApocolypse/Content/StarterContent/Architecture/Wall_400x300.uasset" 57
"G:/My games/ProtocolApocolypse/Content/StarterContent/Architecture/Wall_400x400.uasset" 58
"G:/My games/ProtocolApocolypse/Content/StarterContent/Architecture/Wall_500x500.uasset" 59
"G:/My games/ProtocolApocolypse/Content/StarterContent/Architecture/Wall_Door_400x400.uasset" 60
"G:/My games/ProtocolApocolypse/Content/StarterContent/Architecture/Wall_Window_400x400.uasset" 61
"G:/My games/ProtocolApocolypse/Content/StarterContent/Audio/Collapse01.uasset" 62
"G:/My games/ProtocolApocolypse/Content/StarterContent/Audio/Collapse02.uasset" 63
"G:/My games/ProtocolApocolypse/Content/StarterContent/Audio/Explosion01.uasset" 64
"G:/My games/ProtocolApocolypse/Content/StarterContent/Audio/Explosion02.uasset" 65
"G:/My games/ProtocolApocolypse/Content/StarterContent/Audio/Fire01.uasset" 66
"G:/My games/ProtocolApocolypse/Content/StarterContent/Audio/Fire_Sparks01.uasset" 67
"G:/My games/ProtocolApocolypse/Content/StarterContent/Audio/Light01.uasset" 68
"G:/My games/ProtocolApocolypse/Content/StarterContent/Audio/Light01_Cue.uasset" 69
"G:/My games/ProtocolApocolypse/Content/StarterContent/Audio/Light02.uasset" 70
"G:/My games/ProtocolApocolypse/Content/StarterContent/Audio/Light02_Cue.uasset" 71
"G:/My games/ProtocolApocolypse/Content/StarterContent/Audio/Smoke01.uasset" 72
"G:/My games/ProtocolApocolypse/Content/StarterContent/Audio/Starter_Birds01.uasset" 73
"G:/My games/ProtocolApocolypse/Content/StarterContent/Audio/Starter_Music01.uasset" 74
"G:/My games/ProtocolApocolypse/Content/StarterContent/Audio/Starter_Wind05.uasset" 75
"G:/My games/ProtocolApocolypse/Content/StarterContent/Audio/Starter_Wind06.uasset" 76
"G:/My games/ProtocolApocolypse/Content/StarterContent/Audio/Steam01.uasset" 77
"G:/My games/ProtocolApocolypse/Content/StarterContent/Audio/Explosion_Cue.uasset" 78
"G:/My games/ProtocolApocolypse/Content/StarterContent/Textures/T_Burst_M.uasset" 79
"G:/My games/ProtocolApocolypse/Content/StarterContent/Particles/Materials/M_Burst.uasset" 80
"G:/My games/ProtocolApocolypse/Content/StarterContent/Textures/T_Explosion_SubUV.uasset" 81
"G:/My games/ProtocolApocolypse/Content/StarterContent/Particles/Materials/M_explosion_subUV.uasset" 82
"G:/My games/ProtocolApocolypse/Content/StarterContent/Particles/Materials/m_flare_01.uasset" 83
"../../../Engine/Content/Functions/Engine_MaterialFunctions01/Gradient/RadialGradient.uasset" 84
"G:/My games/ProtocolApocolypse/Content/StarterContent/Particles/Materials/M_radial_ramp.uasset" 85
"G:/My games/ProtocolApocolypse/Content/StarterContent/Textures/T_Smoke_SubUV.uasset" 86
"G:/My games/ProtocolApocolypse/Content/StarterContent/Textures/T_Smoke_Tiled_D.uasset" 87
"G:/My games/ProtocolApocolypse/Content/StarterContent/Particles/Materials/M_smoke_subUV.uasset" 88
"G:/My games/ProtocolApocolypse/Content/StarterContent/Particles/P_Explosion.uasset" 89
"G:/My games/ProtocolApocolypse/Content/StarterContent/Blueprints/Blueprint_Effect_Explosion.uasset" 90
"../../../Engine/Content/EditorMeshes/ColorCalibrator/T_ColorGrid.uasset" 91
"G:/My games/ProtocolApocolypse/Content/StarterContent/Materials/M_ColorGrid_LowSpec.uasset" 92
"G:/My games/ProtocolApocolypse/Content/StarterContent/Textures/T_Bush_D.uasset" 93
"G:/My games/ProtocolApocolypse/Content/StarterContent/Textures/T_Bush_N.uasset" 94
"G:/My games/ProtocolApocolypse/Content/StarterContent/Props/Materials/M_Bush.uasset" 95
"G:/My games/ProtocolApocolypse/Content/StarterContent/Props/SM_Bush.uasset" 96
"G:/My games/ProtocolApocolypse/Content/StarterContent/Textures/T_Chair_M.uasset" 97
"G:/My games/ProtocolApocolypse/Content/StarterContent/Textures/T_Chair_N.uasset" 98
"G:/My games/ProtocolApocolypse/Content/StarterContent/Props/Materials/M_Chair.uasset" 99
"G:/My games/ProtocolApocolypse/Content/StarterContent/Props/SM_Couch.uasset" 100
"G:/My games/ProtocolApocolypse/Content/StarterContent/Materials/M_Glass.uasset" 101
"G:/My games/ProtocolApocolypse/Content/StarterContent/Textures/T_Door_M.uasset" 102
"G:/My games/ProtocolApocolypse/Content/StarterContent/Textures/T_Door_N.uasset" 103
"G:/My games/ProtocolApocolypse/Content/StarterContent/Props/Materials/M_Door.uasset" 104
"G:/My games/ProtocolApocolypse/Content/StarterContent/Props/SM_Door.uasset" 105
"G:/My games/ProtocolApocolypse/Content/StarterContent/Props/Materials/M_MaterialSphere.uasset" 106
"G:/My games/ProtocolApocolypse/Content/StarterContent/Props/Materials/M_MaterialSphere_Plain.uasset" 107
"G:/My games/ProtocolApocolypse/Content/StarterContent/Props/SM_MatPreviewMesh_02.uasset" 108
"G:/My games/ProtocolApocolypse/Content/StarterContent/Textures/T_Detail_Rocky_N.uasset" 109
"G:/My games/ProtocolApocolypse/Content/StarterContent/Textures/T_Rock_Basalt_D.uasset" 110
"G:/My games/ProtocolApocolypse/Content/StarterContent/Textures/T_RockMesh_M.uasset" 111
"G:/My games/ProtocolApocolypse/Content/StarterContent/Textures/T_RockMesh_N.uasset" 112
"G:/My games/ProtocolApocolypse/Content/StarterContent/Props/Materials/M_Rock.uasset" 113
"G:/My games/ProtocolApocolypse/Content/StarterContent/Props/SM_Rock.uasset" 114
"G:/My games/ProtocolApocolypse/Content/StarterContent/Textures/T_Shelf_M.uasset" 115
"G:/My games/ProtocolApocolypse/Content/StarterContent/Textures/T_Shelf_N.uasset" 116
"G:/My games/ProtocolApocolypse/Content/StarterContent/Props/Materials/M_Shelf.uasset" 117
"G:/My games/ProtocolApocolypse/Content/StarterContent/Props/SM_Shelf.uasset" 118
"G:/My games/ProtocolApocolypse/Content/StarterContent/Materials/M_Basic_Floor.uasset" 119
"G:/My games/ProtocolApocolypse/Content/StarterContent/Props/SM_Stairs.uasset" 120
"G:/My games/ProtocolApocolypse/Content/StarterContent/Shapes/Shape_Cone.uasset" 121
"G:/My games/ProtocolApocolypse/Content/StarterContent/Shapes/Shape_Cylinder.uasset" 122
"G:/My games/ProtocolApocolypse/Content/StarterContent/Shapes/Shape_NarrowCapsule.uasset" 123
"G:/My games/ProtocolApocolypse/Content/StarterContent/Shapes/Shape_Pipe.uasset" 124
"G:/My games/ProtocolApocolypse/Content/StarterContent/Shapes/Shape_Pipe_180.uasset" 125
"G:/My games/ProtocolApocolypse/Content/StarterContent/Shapes/Shape_Pipe_90.uasset" 126
"G:/My games/ProtocolApocolypse/Content/StarterContent/Shapes/Shape_Plane.uasset" 127
"G:/My games/ProtocolApocolypse/Content/StarterContent/Shapes/Shape_Torus.uasset" 128
"G:/My games/ProtocolApocolypse/Content/StarterContent/Shapes/Shape_Trim.uasset" 129
"G:/My games/ProtocolApocolypse/Content/StarterContent/Shapes/Shape_Trim_90_In.uasset" 130
"G:/My games/ProtocolApocolypse/Content/StarterContent/Shapes/Shape_Trim_90_Out.uasset" 131
"G:/My games/ProtocolApocolypse/Content/StarterContent/Shapes/Shape_TriPyramid.uasset" 132
"G:/My games/ProtocolApocolypse/Content/StarterContent/Shapes/Shape_Tube.uasset" 133
"G:/My games/ProtocolApocolypse/Content/StarterContent/Shapes/Shape_Wedge_A.uasset" 134
"G:/My games/ProtocolApocolypse/Content/StarterContent/Shapes/Shape_Wedge_B.uasset" 135
"G:/My games/ProtocolApocolypse/Content/StarterContent/Shapes/Shape_WideCapsule.uasset" 136
"G:/My games/ProtocolApocolypse/Content/ThirdPerson/Meshes/RampMaterial.uasset" 137
"G:/My games/ProtocolApocolypse/Content/ThirdPerson/Meshes/Bump_StaticMesh.uasset" 138
"G:/My games/ProtocolApocolypse/Content/ThirdPerson/Meshes/LeftArm_StaticMesh.uasset" 139
"G:/My games/ProtocolApocolypse/Content/ThirdPerson/Meshes/Linear_Stair_StaticMesh.uasset" 140
"G:/My games/ProtocolApocolypse/Content/ThirdPerson/Meshes/Ramp_StaticMesh.uasset" 141
"G:/My games/ProtocolApocolypse/Content/ThirdPerson/Meshes/RightArm_StaticMesh.uasset" 142
"G:/My games/ProtocolApocolypse/Content/ThirdPersonBP/Blueprints/UI/game_data.uasset" 143
"G:/My games/ProtocolApocolypse/Content/ThirdPersonBP/Blueprints/UI/menus/Loadout.uasset" 144
"G:/My games/ProtocolApocolypse/Content/ThirdPersonBP/Blueprints/UI/menus/PlayerCard.uasset" 145
"G:/My games/ProtocolApocolypse/Content/ThirdPersonBP/Blueprints/UI/menus/Lobby.uasset" 146
"G:/My games/ProtocolApocolypse/Content/ThirdPersonBP/Blueprints/UI/menus/main_menu.uasset" 147
"G:/My games/ProtocolApocolypse/Content/ThirdPersonBP/Blueprints/UI/menus/master_menu.uasset" 148
"G:/My games/ProtocolApocolypse/Content/ThirdPersonBP/Blueprints/UI/RTShud.uasset" 149
"G:/My games/ProtocolApocolypse/Content/Mannequin/Animations/ThirdPerson_Jump.uasset" 150
"G:/My games/ProtocolApocolypse/Content/Mannequin/Animations/ThirdPersonJump_Loop.uasset" 151
"G:/My games/ProtocolApocolypse/Content/Mannequin/Animations/ThirdPersonJump_Start.uasset" 152
"G:/My games/ProtocolApocolypse/Content/Mannequin/Animations/ThirdPersonIdle.uasset" 153
"G:/My games/ProtocolApocolypse/Content/Mannequin/Animations/ThirdPersonRun.uasset" 154
"G:/My games/ProtocolApocolypse/Content/Mannequin/Animations/ThirdPersonWalk.uasset" 155
"G:/My games/ProtocolApocolypse/Content/Mannequin/Animations/ThirdPerson_IdleRun_2D.uasset" 156
"G:/My games/ProtocolApocolypse/Content/Mannequin/Animations/ThirdPerson_AnimBP.uasset" 157
"../../../Engine/Content/BasicShapes/BasicShapeMaterial.uasset" 158
"../../../Engine/Content/Functions/Engine_MaterialFunctions01/Opacity/CameraDepthFade.uasset" 159
"../../../Engine/Content/EngineMaterials/T_Default_Material_Grid_M.uasset" 160
"../../../Engine/Content/EngineMaterials/T_Default_Material_Grid_N.uasset" 161
"../../../Engine/Content/EngineMaterials/WorldGridMaterial.uasset" 162
"../../../Engine/Content/BasicShapes/Cube.uasset" 163
"G:/My games/ProtocolApocolypse/Content/ThirdPersonBP/Blueprints/Structures/Base.uasset" 164
"../../../Engine/Content/VREditor/TransformGizmo/Main.uasset" 165
"G:/My games/ProtocolApocolypse/Content/ThirdPersonBP/materials/selected_M.uasset" 166
"../../../Engine/Content/EngineMaterials/DefaultMaterial.uasset" 167
"../../../Engine/Content/BasicShapes/Cone.uasset" 168
"G:/My games/ProtocolApocolypse/Content/Mannequin/Character/Materials/MaterialLayers/T_ML_Rubber_Blue_01_D.uasset" 169
"G:/My games/ProtocolApocolypse/Content/Mannequin/Character/Materials/MaterialLayers/T_ML_Rubber_Blue_01_N.uasset" 170
"G:/My games/ProtocolApocolypse/Content/Mannequin/Character/Materials/MaterialLayers/ML_GlossyBlack_Latex_UE4.uasset" 171
"G:/My games/ProtocolApocolypse/Content/Mannequin/Character/Materials/MaterialLayers/ML_Plastic_Shiny_Beige.uasset" 172
"G:/My games/ProtocolApocolypse/Content/Mannequin/Character/Textures/UE4_LOGO_CARD.uasset" 173
"G:/My games/ProtocolApocolypse/Content/Mannequin/Character/Materials/MaterialLayers/ML_Plastic_Shiny_Beige_LOGO.uasset" 174
"G:/My games/ProtocolApocolypse/Content/Mannequin/Character/Materials/MaterialLayers/T_ML_Aluminum01.uasset" 175
"G:/My games/ProtocolApocolypse/Content/Mannequin/Character/Materials/MaterialLayers/T_ML_Aluminum01_N.uasset" 176
"G:/My games/ProtocolApocolypse/Content/Mannequin/Character/Materials/MaterialLayers/ML_SoftMetal_UE4.uasset" 177
"G:/My games/ProtocolApocolypse/Content/Mannequin/Character/Textures/UE4_Mannequin__normals.uasset" 178
"G:/My games/ProtocolApocolypse/Content/Mannequin/Character/Textures/UE4_Mannequin_MAT_MASKA.uasset" 179
"G:/My games/ProtocolApocolypse/Content/Mannequin/Character/Materials/M_UE4Man_Body.uasset" 180
"G:/My games/ProtocolApocolypse/Content/Mannequin/Character/Textures/UE4Man_Logo_N.uasset" 181
"G:/My games/ProtocolApocolypse/Content/Mannequin/Character/Materials/M_UE4Man_ChestLogo.uasset" 182
"G:/My games/ProtocolApocolypse/Content/Mannequin/Character/Mesh/SK_Mannequin_PhysicsAsset.uasset" 183
"G:/My games/ProtocolApocolypse/Content/Mannequin/Character/Mesh/SK_Mannequin.uasset" 184
"G:/My games/ProtocolApocolypse/Content/ThirdPersonBP/Blueprints/units/NME.uasset" 185
"G:/My games/ProtocolApocolypse/Content/ThirdPersonBP/Blueprints/Structures/turret.uasset" 186
"G:/My games/ProtocolApocolypse/Content/ThirdPersonBP/Blueprints/units/enemy_test.uasset" 187
"G:/My games/ProtocolApocolypse/Content/ThirdPersonBP/Blueprints/UI/healthbar.uasset" 188
"G:/My games/ProtocolApocolypse/Content/ThirdPersonBP/Blueprints/units/mech.uasset" 189
"G:/My games/ProtocolApocolypse/Content/ThirdPersonBP/Blueprints/mineral.uasset" 190
"G:/My games/ProtocolApocolypse/Content/ThirdPersonBP/Blueprints/Structures/factory.uasset" 191
"G:/My games/ProtocolApocolypse/Content/ThirdPersonBP/Blueprints/Structures/miner.uasset" 192
"G:/My games/ProtocolApocolypse/Content/ThirdPersonBP/Blueprints/UI/HUD/factory_hud.uasset" 193
"G:/My games/ProtocolApocolypse/Content/ThirdPersonBP/Blueprints/UI/HUD/overlay.uasset" 194
"G:/My games/ProtocolApocolypse/Content/ThirdPersonBP/Blueprints/UI/HUD/skycommand_hud.uasset" 195
"G:/My games/ProtocolApocolypse/Content/ThirdPersonBP/Blueprints/units/skycommander.uasset" 196
"G:/My games/ProtocolApocolypse/Content/ThirdPersonBP/Blueprints/StandardProtocol.uasset" 197
"G:/My games/ProtocolApocolypse/Content/ThirdPersonBP/Blueprints/units/loadout_cam.uasset" 198
"../../../Engine/Content/ArtTools/RenderToTexture/Meshes/S_1_Unit_Plane.uasset" 199
"../../../Engine/Content/BasicShapes/Cylinder.uasset" 200
"../../../Engine/Content/BasicShapes/Plane.uasset" 201
"../../../Engine/Content/BasicShapes/Sphere.uasset" 202
"../../../Engine/Content/EditorLandscapeResources/DataLayer.uasset" 203
"../../../Engine/Content/EditorMaterials/GizmoMaterial.uasset" 204
"../../../Engine/Content/EditorMaterials/MAT_Groups_Toggle.uasset" 205
"../../../Engine/Content/EditorMaterials/MAT_Groups_Visibility.uasset" 206
"../../../Engine/Content/EditorMaterials/PreviewShadowIndicator.uasset" 207
"../../../Engine/Content/EditorMaterials/PreviewShadowIndicatorMaterial.uasset" 208
"../../../Engine/Content/EditorMaterials/MatineeGroups/MAT_ColorTrack.uasset" 209
"../../../Engine/Content/EditorMaterials/MatineeGroups/MAT_Groups_Anim.uasset" 210
"../../../Engine/Content/EditorMaterials/MatineeGroups/MAT_Groups_AudioMaster.uasset" 211
"../../../Engine/Content/EditorMaterials/MatineeGroups/MAT_Groups_Director.uasset" 212
"../../../Engine/Content/EditorMaterials/MatineeGroups/MAT_Groups_Event.uasset" 213
"../../../Engine/Content/EditorMaterials/MatineeGroups/MAT_Groups_Fade.uasset" 214
"../../../Engine/Content/EditorMaterials/MatineeGroups/MAT_Groups_Float.uasset" 215
"../../../Engine/Content/EditorMaterials/MatineeGroups/MAT_Groups_Move.uasset" 216
"../../../Engine/Content/EditorMaterials/MatineeGroups/MAT_Groups_Slomo.uasset" 217
"../../../Engine/Content/EditorMaterials/MatineeGroups/MAT_Groups_Sound.uasset" 218
"../../../Engine/Content/EditorMaterials/MatineeGroups/MAT_Groups_Vector.uasset" 219
"../../../Engine/Content/EditorMaterials/ParticleSystems/PSysThumbnail_NoImage.uasset" 220
"../../../Engine/Content/EditorMaterials/ParticleSystems/PSysThumbnail_OOD.uasset" 221
"../../../Engine/Content/EditorMaterials/Camera/CineMat.uasset" 222
"../../../Engine/Content/EditorMaterials/Camera/MI_CineMat_Rig.uasset" 223
"../../../Engine/Content/EditorMeshes/Camera/SM_CraneRig_Arm.uasset" 224
"../../../Engine/Content/EditorMeshes/Camera/SM_CraneRig_Base.uasset" 225
"../../../Engine/Content/EditorMeshes/Camera/SM_CraneRig_Body.uasset" 226
"../../../Engine/Content/EditorMeshes/Camera/SM_CraneRig_Mount.uasset" 227
"../../../Engine/Content/EditorMeshes/Camera/SM_RailRig_Mount.uasset" 228
"../../../Engine/Content/EditorMeshes/Camera/SM_RailRig_Track.uasset" 229
"../../../Engine/Content/EditorResources/BSPVertex.uasset" 230
"../../../Engine/Content/EditorResources/EmptyActor.uasset" 231
"../../../Engine/Content/EditorResources/S_Actor.uasset" 232
"../../../Engine/Content/EditorResources/S_Trigger.uasset" 233
"../../../Engine/Content/EditorResources/AudioIcons/S_AudioComponent.uasset" 234
"../../../Engine/Content/EditorResources/AudioIcons/S_AudioComponent_AutoActivate.uasset" 235
"../../../Engine/Content/EditorResources/LightIcons/S_LightError.uasset" 236
"../../../Engine/Content/EditorResources/SequenceRecorder/Countdown.uasset" 237
"../../../Engine/Content/EditorResources/SequenceRecorder/RecordingIndicator.uasset" 238
"../../../Engine/Content/EditorSounds/Notifications/CompileFailed.uasset" 239
"../../../Engine/Content/EditorSounds/Notifications/CompileFailed_Cue.uasset" 240
"../../../Engine/Content/EditorSounds/Notifications/CompileSuccess.uasset" 241
"../../../Engine/Content/EditorSounds/Notifications/CompileStart_Cue.uasset" 242
"../../../Engine/Content/EditorSounds/Notifications/CompileSuccess_Cue.uasset" 243
"../../../Engine/Content/EngineDamageTypes/DmgTypeBP_Environmental.uasset" 244
"../../../Engine/Content/EngineDebugMaterials/HeatmapGradient.uasset" 245
"../../../Engine/Content/EngineDebugMaterials/BoneWeightMaterial.uasset" 246
"../../../Engine/Content/EngineDebugMaterials/ClothMaterial.uasset" 247
"../../../Engine/Content/EngineDebugMaterials/ClothMaterial_WF.uasset" 248
"../../../Engine/Content/EngineDebugMaterials/DebugEditorMaterial.uasset" 249
"../../../Engine/Content/EngineDebugMaterials/DebugMeshMaterial.uasset" 250
"../../../Engine/Content/EngineDebugMaterials/GeomMaterial.uasset" 251
"../../../Engine/Content/EngineDebugMaterials/M_SimpleTranslucent.uasset" 252
"../../../Engine/Content/EngineFonts/Faces/RobotoBold.uasset" 253
"../../../Engine/Content/EngineFonts/Faces/RobotoBoldItalic.uasset" 254
"../../../Engine/Content/EngineFonts/Faces/RobotoItalic.uasset" 255
"../../../Engine/Content/EngineFonts/Faces/RobotoLight.uasset" 256
"../../../Engine/Content/EngineFonts/Faces/RobotoRegular.uasset" 257
"../../../Engine/Content/EngineFonts/Roboto.uasset" 258
"../../../Engine/Content/EngineFonts/Faces/RobotoTiny.uasset" 259
"../../../Engine/Content/EngineFonts/RobotoTiny.uasset" 260
"../../../Engine/Content/EngineMaterials/BaseFlattenDiffuseMap.uasset" 261
"../../../Engine/Content/EngineMaterials/BaseFlattenEmissiveMap.uasset" 262
"../../../Engine/Content/EngineMaterials/BaseFlattenGrayscaleMap.uasset" 263
"../../../Engine/Content/EngineMaterials/BaseFlattenNormalMap.uasset" 264
"../../../Engine/Content/EngineMaterials/BaseFlattenMaterial.uasset" 265
"../../../Engine/Content/EngineMaterials/DefaultBloomKernel.uasset" 266
"../../../Engine/Content/EngineMaterials/DefaultBokeh.uasset" 267
"../../../Engine/Content/EngineMaterials/DefaultDiffuse.uasset" 268
"../../../Engine/Content/EngineMaterials/DefaultDeferredDecalMaterial.uasset" 269
"../../../Engine/Content/EngineMaterials/DefaultLightFunctionMaterial.uasset" 270
"../../../Engine/Content/EngineMaterials/DefaultPhysicalMaterial.uasset" 271
"../../../Engine/Content/Functions/Engine_MaterialFunctions02/Utility/BreakOutFloat2Components.uasset" 272
"../../../Engine/Content/EngineMaterials/DefaultPostProcessMaterial.uasset" 273
"../../../Engine/Content/EngineFonts/RobotoDistanceField.uasset" 274
"../../../Engine/Content/EngineMaterials/DefaultTextMaterialOpaque.uasset" 275
"../../../Engine/Content/EngineMaterials/DefaultWhiteGrid.uasset" 276
"../../../Engine/Content/EngineMaterials/EditorBrushMaterial.uasset" 277
"../../../Engine/Content/EngineMaterials/Good64x64TilingNoiseHighFreq.uasset" 278
"../../../Engine/Content/EngineMaterials/MiniFont.uasset" 279
"../../../Engine/Content/EngineMaterials/InvalidLightmapSettings.uasset" 280
"../../../Engine/Content/EngineMaterials/M_InvalidLightmapSettings.uasset" 281
"../../../Engine/Content/Functions/Engine_MaterialFunctions02/WorldPositionOffset/CameraOffset.uasset" 282
"../../../Engine/Content/EngineMaterials/PhAT_JointLimitMaterial.uasset" 283
"../../../Engine/Content/EngineMaterials/PreintegratedSkinBRDF.uasset" 284
"../../../Engine/Content/EngineMaterials/RemoveSurfaceMaterial.uasset" 285
"../../../Engine/Content/EngineMaterials/WeightMapPlaceholderTexture.uasset" 286
"../../../Engine/Content/EngineResources/WhiteSquareTexture.uasset" 287
"../../../Engine/Content/EngineMaterials/Widget3DPassThrough.uasset" 288
"../../../Engine/Content/EngineMaterials/Widget3DPassThrough_Masked.uasset" 289
"../../../Engine/Content/EngineMaterials/Widget3DPassThrough_Opaque.uasset" 290
"../../../Engine/Content/EngineMaterials/Widget3DPassThrough_Masked_OneSided.uasset" 291
"../../../Engine/Content/EngineMaterials/Widget3DPassThrough_Opaque_OneSided.uasset" 292
"../../../Engine/Content/EngineMaterials/Widget3DPassThrough_Translucent.uasset" 293
"../../../Engine/Content/EngineMaterials/Widget3DPassThrough_Translucent_OneSided.uasset" 294
"../../../Engine/Content/EngineMeshes/Cylinder.uasset" 295
"../../../Engine/Content/EngineMeshes/Sphere.uasset" 296
"../../../Engine/Content/EngineResources/Black.uasset" 297
"../../../Engine/Content/EngineResources/DefaultTexture.uasset" 298
"../../../Engine/Content/EngineResources/DefaultTextureCube.uasset" 299
"../../../Engine/Content/EngineResources/DefaultVolumeTexture2D.uasset" 300
"../../../Engine/Content/EngineResources/DefaultVolumeTexture.uasset" 301
"../../../Engine/Content/EngineResources/GradientTexture0.uasset" 302
"../../../Engine/Content/EngineSounds/Master.uasset" 303
"../../../Engine/Content/Functions/Engine_MaterialFunctions01/Shading/ConvertFromDiffSpec.uasset" 304
"../../../Engine/Content/Functions/Engine_MaterialFunctions01/Shading/PowerToRoughness.uasset" 305
"../../../Engine/Content/Maps/Templates/Thumbnails/Default.uasset" 306
"../../../Engine/Content/Maps/Templates/Thumbnails/VR-Basic.uasset" 307
"../../../Engine/Content/MobileResources/T_MobileControls_texture.uasset" 308
"../../../Engine/Content/MobileResources/T_MobileMenu2.uasset" 309
"../../../Engine/Content/MobileResources/HUD/AnalogHat.uasset" 310
"../../../Engine/Content/MobileResources/HUD/VirtualJoystick_Background.uasset" 311
"../../../Engine/Content/MobileResources/HUD/VirtualJoystick_Thumb.uasset" 312
"../../../Engine/Content/MobileResources/HUD/DefaultVirtualJoysticks.uasset" 313
"../../../Engine/Content/MobileResources/HUD/LeftVirtualJoystickOnly.uasset" 314
"../../../Engine/Content/MobileResources/HUD/MobileHUDButton1_off.uasset" 315
"../../../Engine/Content/MobileResources/HUD/MobileHUDButton1_on.uasset" 316
"../../../Engine/Content/MobileResources/HUD/MobileHUDButton2_off.uasset" 317
"../../../Engine/Content/MobileResources/HUD/MobileHUDButton2_on.uasset" 318
"../../../Engine/Content/MobileResources/HUD/MobileHUDButton3.uasset" 319
"../../../Engine/Content/MobileResources/HUD/MobileHUDButtonFire.uasset" 320
"../../../Engine/Content/MobileResources/HUD/MobileHUDDirectionPad.uasset" 321
"../../../Engine/Content/MobileResources/HUD/MobileHUDDirectionPad2.uasset" 322
"../../../Engine/Content/MobileResources/HUD/MobileHUDDirectionPad3.uasset" 323
"../../../Engine/Content/MobileResources/HUD/MobileHUDDirectionStick.uasset" 324
"../../../Engine/Content/MobileResources/HUD/T_Castle_ThumbstickInner.uasset" 325
"../../../Engine/Content/MobileResources/HUD/T_Castle_ThumbstickOutter.uasset" 326
"../../../Engine/Content/Tutorial/ContentIntroCurve.uasset" 327
"../../../Engine/Content/Tutorial/BlueprintTutorials/TutorialAssets/Blueprint_64x.uasset" 328
"../../../Engine/Content/VREditor/LaserPointer/VR_LaserPower_01.uasset" 329
"../../../Engine/Content/VREditor/TransformGizmo/TransformGizmoMaterial.uasset" 330
"../../../Engine/Content/VREditor/TransformGizmo/TranslucentTransformGizmoMaterial.uasset" 331
"../../../Engine/Content/VREditor/TransformGizmo/BoundingBoxCorner.uasset" 332
"../../../Engine/Content/VREditor/TransformGizmo/BoundingBoxEdge.uasset" 333
"../../../Engine/Content/VREditor/TransformGizmo/PlaneTranslationHandle.uasset" 334
"../../../Engine/Content/VREditor/TransformGizmo/Xray.uasset" 335
"../../../Engine/Content/VREditor/TransformGizmo/SM_Sequencer_Key.uasset" 336
"../../../Engine/Content/VREditor/TransformGizmo/SM_Sequencer_Node.uasset" 337
"../../Plugins/2D/Paper2D/Content/PlaceholderTextures/DummySpriteTexture.uasset" 338
"../../Plugins/2D/Paper2D/Content/DummySprite.uasset" 339
"../../Plugins/2D/Paper2D/Content/DefaultPaperTerrainMaterial.uasset" 340
"../../Plugins/2D/Paper2D/Content/DefaultSpriteMaterial.uasset" 341
"../../Plugins/2D/Paper2D/Content/MaskedUnlitSpriteMaterial.uasset" 342
"../../Plugins/2D/Paper2D/Content/OpaqueUnlitSpriteMaterial.uasset" 343
"../../Plugins/Runtime/Oculus/OculusVR/Content/Materials/PokeAHoleMaterial.uasset" 344
"../../Plugins/Runtime/Oculus/OculusVR/Content/Textures/GearVRController_AO.uasset" 345
"../../Plugins/Runtime/Oculus/OculusVR/Content/Textures/GearVRController_Color.uasset" 346
"../../Plugins/Runtime/Oculus/OculusVR/Content/Textures/GearVRController_Normal.uasset" 347
"../../Plugins/Runtime/Oculus/OculusVR/Content/Materials/GearVRControllerMaterial.uasset" 348
"../../Plugins/Runtime/Oculus/OculusVR/Content/Meshes/GearVrController.uasset" 349
"../../Plugins/Runtime/Oculus/OculusVR/Content/Textures/touchController_albedo.uasset" 350
"../../Plugins/Runtime/Oculus/OculusVR/Content/Textures/touchController_controlmap.uasset" 351
"../../Plugins/Runtime/Oculus/OculusVR/Content/Materials/touchController_mat.uasset" 352
"../../Plugins/Runtime/Oculus/OculusVR/Content/Meshes/LeftTouchController.uasset" 353
"../../Plugins/Runtime/Oculus/OculusVR/Content/Meshes/RiftHMD.uasset" 354
"../../Plugins/Runtime/Oculus/OculusVR/Content/Meshes/RightTouchController.uasset" 355
"../../../Engine/Content/EngineSky/C_Sky_Cloud_Color.uasset" 356
"../../../Engine/Content/EngineSky/C_Sky_Horizon_Color.uasset" 357
"../../../Engine/Content/EngineSky/C_Sky_Zenith_Color.uasset" 358
"../../../Engine/Content/EngineSky/T_Sky_Blue.uasset" 359
"../../../Engine/Content/EngineSky/T_Sky_Clouds_M.uasset" 360
"../../../Engine/Content/EngineSky/T_Sky_Stars.uasset" 361
"../../../Engine/Content/EngineSky/M_Sky_Panning_Clouds2.uasset" 362
"../../../Engine/Content/EngineSky/SM_SkySphere.uasset" 363
"../../../Engine/Content/EngineSky/BP_Sky_Sphere.uasset" 364
"../../../Engine/Content/Functions/Engine_MaterialFunctions03/Procedurals/ComputeFilterWidth.uasset" 365
"../../../Engine/Content/EngineMaterials/AntiAliasedTextMaterialTranslucent.uasset" 366
"G:/My games/ProtocolApocolypse/Content/FirstPerson/Meshes/CubeMaterialOverride.uasset" 367
"G:/My games/ProtocolApocolypse/Content/Geometry/Meshes/1M_Cube.uasset" 368
"G:/My games/ProtocolApocolypse/Content/FirstPersonBP/Maps/FirstPersonExampleMap.umap" 369
"G:/My games/ProtocolApocolypse/Content/StarterContent/Blueprints/Assets/FogBrightnessLUT.uasset" 370
"G:/My games/ProtocolApocolypse/Content/StarterContent/Blueprints/Assets/SunlightColorLUT.uasset" 371
"G:/My games/ProtocolApocolypse/Content/StarterContent/Blueprints/Assets/M_LightStage_Arrows.uasset" 372
"../../../Engine/Content/MapTemplates/Sky/DaylightAmbientCubemap.uasset" 373
"G:/My games/ProtocolApocolypse/Content/StarterContent/Blueprints/Assets/M_LightStage_Skybox_Master.uasset" 374
"G:/My games/ProtocolApocolypse/Content/StarterContent/Blueprints/Assets/M_LightStage_Skybox_Black.uasset" 375
"G:/My games/ProtocolApocolypse/Content/StarterContent/Blueprints/Assets/M_LightStage_Skybox_HDRI.uasset" 376
"../../../Engine/Content/EditorMaterials/Thumbnails/SkySphereMaterial.uasset" 377
"G:/My games/ProtocolApocolypse/Content/StarterContent/Blueprints/Assets/Skybox.uasset" 378
"G:/My games/ProtocolApocolypse/Content/StarterContent/Blueprints/Assets/SM_Arrows.uasset" 379
"G:/My games/ProtocolApocolypse/Content/StarterContent/HDRI/HDRI_Epic_Courtyard_Daylight.uasset" 380
"G:/My games/ProtocolApocolypse/Content/StarterContent/Blueprints/BP_LightStudio.uasset" 381
"G:/My games/ProtocolApocolypse/Content/StarterContent/Maps/Advanced_Lighting_BuiltData.uasset" 382
"G:/My games/ProtocolApocolypse/Content/StarterContent/Materials/M_AssetPlatform.uasset" 383
"../../../Engine/Content/EditorMeshes/ColorCalibrator/M_ChromeBall.uasset" 384
"../../../Engine/Content/EditorMeshes/ColorCalibrator/M_ClearCoat.uasset" 385
"../../../Engine/Content/EditorMeshes/ColorCalibrator/M_ClearCoatBlack.uasset" 386
"../../../Engine/Content/EditorMeshes/ColorCalibrator/Color_checker.uasset" 387
"../../../Engine/Content/EditorMeshes/ColorCalibrator/M_ColorGrid.uasset" 388
"../../../Engine/Content/EditorMeshes/ColorCalibrator/M_GreyBall.uasset" 389
"../../../Engine/Content/EditorMeshes/ColorCalibrator/SM_ColorCalibrator.uasset" 390
"G:/My games/ProtocolApocolypse/Content/StarterContent/Architecture/SM_AssetPlatform.uasset" 391
"G:/My games/ProtocolApocolypse/Content/StarterContent/Maps/Advanced_Lighting.umap" 392
"G:/My games/ProtocolApocolypse/Content/StarterContent/Maps/Minimal_Default_BuiltData.uasset" 393
"G:/My games/ProtocolApocolypse/Content/StarterContent/Textures/T_MacroVariation.uasset" 394
"G:/My games/ProtocolApocolypse/Content/StarterContent/Materials/M_Metal_Brushed_Nickel.uasset" 395
"G:/My games/ProtocolApocolypse/Content/StarterContent/Textures/T_Metal_Aluminum_D.uasset" 396
"G:/My games/ProtocolApocolypse/Content/StarterContent/Textures/T_Metal_Gold_N.uasset" 397
"G:/My games/ProtocolApocolypse/Content/StarterContent/Materials/M_Metal_Burnished_Steel.uasset" 398
"G:/My games/ProtocolApocolypse/Content/StarterContent/Textures/T_Metal_Copper_D.uasset" 399
"G:/My games/ProtocolApocolypse/Content/StarterContent/Materials/M_Metal_Copper.uasset" 400
"G:/My games/ProtocolApocolypse/Content/StarterContent/Textures/T_Statue_M.uasset" 401
"G:/My games/ProtocolApocolypse/Content/StarterContent/Textures/T_Statue_N.uasset" 402
"G:/My games/ProtocolApocolypse/Content/StarterContent/Props/Materials/M_StatueGlass.uasset" 403
"G:/My games/ProtocolApocolypse/Content/StarterContent/Architecture/Floor_400x400.uasset" 404
"G:/My games/ProtocolApocolypse/Content/StarterContent/Audio/Starter_Background_Cue.uasset" 405
"G:/My games/ProtocolApocolypse/Content/StarterContent/Props/SM_Chair.uasset" 406
"G:/My games/ProtocolApocolypse/Content/StarterContent/Props/Materials/M_Statue.uasset" 407
"G:/My games/ProtocolApocolypse/Content/StarterContent/Props/SM_Statue.uasset" 408
"G:/My games/ProtocolApocolypse/Content/StarterContent/Textures/T_TableRound_M.uasset" 409
"G:/My games/ProtocolApocolypse/Content/StarterContent/Textures/T_TableRound_N.uasset" 410
"G:/My games/ProtocolApocolypse/Content/StarterContent/Props/Materials/M_TableRound.uasset" 411
"G:/My games/ProtocolApocolypse/Content/StarterContent/Props/SM_TableRound.uasset" 412
"G:/My games/ProtocolApocolypse/Content/StarterContent/Maps/Minimal_Default.umap" 413
"G:/My games/ProtocolApocolypse/Content/StarterContent/Audio/Fire01_Cue.uasset" 414
"G:/My games/ProtocolApocolypse/Content/StarterContent/Textures/T_Fire_SubUV.uasset" 415
"G:/My games/ProtocolApocolypse/Content/StarterContent/Textures/T_Fire_Tiled_D.uasset" 416
"G:/My games/ProtocolApocolypse/Content/StarterContent/Particles/Materials/M_Fire_SubUV.uasset" 417
"G:/My games/ProtocolApocolypse/Content/StarterContent/Textures/T_Water_N.uasset" 418
"G:/My games/ProtocolApocolypse/Content/StarterContent/Particles/Materials/M_Heat_Distortion.uasset" 419
"G:/My games/ProtocolApocolypse/Content/StarterContent/Particles/Materials/M_Radial_Gradient.uasset" 420
"G:/My games/ProtocolApocolypse/Content/StarterContent/Particles/P_Fire.uasset" 421
"G:/My games/ProtocolApocolypse/Content/StarterContent/Blueprints/Blueprint_Effect_Fire.uasset" 422
"G:/My games/ProtocolApocolypse/Content/StarterContent/Audio/Smoke01_Cue.uasset" 423
"G:/My games/ProtocolApocolypse/Content/StarterContent/Particles/P_Smoke.uasset" 424
"G:/My games/ProtocolApocolypse/Content/StarterContent/Blueprints/Blueprint_Effect_Smoke.uasset" 425
"G:/My games/ProtocolApocolypse/Content/StarterContent/Audio/Fire_Sparks01_Cue.uasset" 426
"G:/My games/ProtocolApocolypse/Content/StarterContent/Textures/T_Spark_Core.uasset" 427
"G:/My games/ProtocolApocolypse/Content/StarterContent/Particles/Materials/M_Spark.uasset" 428
"G:/My games/ProtocolApocolypse/Content/StarterContent/Particles/P_Sparks.uasset" 429
"G:/My games/ProtocolApocolypse/Content/StarterContent/Blueprints/Blueprint_Effect_Sparks.uasset" 430
"G:/My games/ProtocolApocolypse/Content/StarterContent/Audio/Steam01_Cue.uasset" 431
"G:/My games/ProtocolApocolypse/Content/StarterContent/Particles/P_Steam_Lit.uasset" 432
"G:/My games/ProtocolApocolypse/Content/StarterContent/Blueprints/Blueprint_Effect_Steam.uasset" 433
"G:/My games/ProtocolApocolypse/Content/StarterContent/Textures/T_Lamp_M.uasset" 434
"G:/My games/ProtocolApocolypse/Content/StarterContent/Textures/T_Lamp_N.uasset" 435
"G:/My games/ProtocolApocolypse/Content/StarterContent/Props/Materials/M_Lamp.uasset" 436
"G:/My games/ProtocolApocolypse/Content/StarterContent/Props/SM_Lamp_Ceiling.uasset" 437
"G:/My games/ProtocolApocolypse/Content/StarterContent/Blueprints/Blueprint_CeilingLight.uasset" 438
"G:/My games/ProtocolApocolypse/Content/StarterContent/Props/SM_Lamp_Wall.uasset" 439
"G:/My games/ProtocolApocolypse/Content/StarterContent/Blueprints/Blueprint_WallSconce.uasset" 440
"G:/My games/ProtocolApocolypse/Content/StarterContent/Maps/StarterMap_BuiltData.uasset" 441
"G:/My games/ProtocolApocolypse/Content/StarterContent/Textures/T_Brick_Clay_Beveled_D.uasset" 442
"G:/My games/ProtocolApocolypse/Content/StarterContent/Textures/T_Brick_Clay_Beveled_M.uasset" 443
"G:/My games/ProtocolApocolypse/Content/StarterContent/Textures/T_Brick_Clay_Beveled_N.uasset" 444
"G:/My games/ProtocolApocolypse/Content/StarterContent/Materials/M_Brick_Clay_Beveled.uasset" 445
"G:/My games/ProtocolApocolypse/Content/StarterContent/Textures/T_Brick_Clay_New_D.uasset" 446
"G:/My games/ProtocolApocolypse/Content/StarterContent/Textures/T_Brick_Clay_New_M.uasset" 447
"G:/My games/ProtocolApocolypse/Content/StarterContent/Textures/T_Brick_Clay_New_N.uasset" 448
"G:/My games/ProtocolApocolypse/Content/StarterContent/Materials/M_Brick_Clay_New.uasset" 449
"G:/My games/ProtocolApocolypse/Content/StarterContent/Textures/T_Brick_Clay_Old_D.uasset" 450
"G:/My games/ProtocolApocolypse/Content/StarterContent/Textures/T_Brick_Clay_Old_N.uasset" 451
"G:/My games/ProtocolApocolypse/Content/StarterContent/Textures/T_Perlin_Noise_M.uasset" 452
"G:/My games/ProtocolApocolypse/Content/StarterContent/Materials/M_Brick_Clay_Old.uasset" 453
"G:/My games/ProtocolApocolypse/Content/StarterContent/Textures/T_Brick_Cut_Stone_D.uasset" 454
"G:/My games/ProtocolApocolypse/Content/StarterContent/Textures/T_Brick_Cut_Stone_N.uasset" 455
"G:/My games/ProtocolApocolypse/Content/StarterContent/Materials/M_Brick_Cut_Stone.uasset" 456
"G:/My games/ProtocolApocolypse/Content/StarterContent/Textures/T_Brick_Hewn_Stone_D.uasset" 457
"G:/My games/ProtocolApocolypse/Content/StarterContent/Textures/T_Brick_Hewn_Stone_M.uasset" 458
"G:/My games/ProtocolApocolypse/Content/StarterContent/Textures/T_Brick_Hewn_Stone_N.uasset" 459
"G:/My games/ProtocolApocolypse/Content/StarterContent/Materials/M_Brick_Hewn_Stone.uasset" 460
"G:/My games/ProtocolApocolypse/Content/StarterContent/Textures/T_Ceramic_Tile_M.uasset" 461
"G:/My games/ProtocolApocolypse/Content/StarterContent/Textures/T_Ceramic_Tile_N.uasset" 462
"G:/My games/ProtocolApocolypse/Content/StarterContent/Textures/T_Rock_Marble_Polished_D.uasset" 463
"G:/My games/ProtocolApocolypse/Content/StarterContent/Materials/M_Ceramic_Tile_Checker.uasset" 464
"G:/My games/ProtocolApocolypse/Content/StarterContent/Textures/T_CobbleStone_Pebble_D.uasset" 465
"G:/My games/ProtocolApocolypse/Content/StarterContent/Textures/T_CobbleStone_Pebble_M.uasset" 466
"G:/My games/ProtocolApocolypse/Content/StarterContent/Textures/T_CobbleStone_Pebble_N.uasset" 467
"G:/My games/ProtocolApocolypse/Content/StarterContent/Materials/M_CobbleStone_Pebble.uasset" 468
"G:/My games/ProtocolApocolypse/Content/StarterContent/Textures/T_CobbleStone_Rough_D.uasset" 469
"G:/My games/ProtocolApocolypse/Content/StarterContent/Textures/T_CobbleStone_Rough_N.uasset" 470
"G:/My games/ProtocolApocolypse/Content/StarterContent/Textures/T_Gradinet_01.uasset" 471
"G:/My games/ProtocolApocolypse/Content/StarterContent/Textures/T_Rock_Smooth_Granite_D.uasset" 472
"G:/My games/ProtocolApocolypse/Content/StarterContent/Materials/M_CobbleStone_Rough.uasset" 473
"G:/My games/ProtocolApocolypse/Content/StarterContent/Textures/T_CobbleStone_Smooth_D.uasset" 474
"G:/My games/ProtocolApocolypse/Content/StarterContent/Textures/T_CobbleStone_Smooth_M.uasset" 475
"G:/My games/ProtocolApocolypse/Content/StarterContent/Textures/T_CobbleStone_Smooth_N.uasset" 476
"G:/My games/ProtocolApocolypse/Content/StarterContent/Materials/M_CobbleStone_Smooth.uasset" 477
"G:/My games/ProtocolApocolypse/Content/StarterContent/Textures/T_Concrete_Grime_D.uasset" 478
"G:/My games/ProtocolApocolypse/Content/StarterContent/Textures/T_Metal_Rust_N.uasset" 479
"G:/My games/ProtocolApocolypse/Content/StarterContent/Materials/M_Concrete_Grime.uasset" 480
"G:/My games/ProtocolApocolypse/Content/StarterContent/Textures/T_Concrete_Panels_D.uasset" 481
"G:/My games/ProtocolApocolypse/Content/StarterContent/Textures/T_Concrete_Panels_N.uasset" 482
"G:/My games/ProtocolApocolypse/Content/StarterContent/Materials/M_Concrete_Panels.uasset" 483
"G:/My games/ProtocolApocolypse/Content/StarterContent/Textures/T_Concrete_Poured_D.uasset" 484
"G:/My games/ProtocolApocolypse/Content/StarterContent/Textures/T_Concrete_Poured_N.uasset" 485
"G:/My games/ProtocolApocolypse/Content/StarterContent/Materials/M_Concrete_Poured.uasset" 486
"G:/My games/ProtocolApocolypse/Content/StarterContent/Textures/T_Concrete_Tiles_D.uasset" 487
"G:/My games/ProtocolApocolypse/Content/StarterContent/Textures/T_Concrete_Tiles_M.uasset" 488
"G:/My games/ProtocolApocolypse/Content/StarterContent/Textures/T_Concrete_Tiles_N.uasset" 489
"G:/My games/ProtocolApocolypse/Content/StarterContent/Textures/T_Concrete_Tiles_Variation_M.uasset" 490
"G:/My games/ProtocolApocolypse/Content/StarterContent/Materials/M_Concrete_Tiles.uasset" 491
"G:/My games/ProtocolApocolypse/Content/StarterContent/Textures/T_Ground_Grass_D.uasset" 492
"G:/My games/ProtocolApocolypse/Content/StarterContent/Textures/T_Ground_Grass_N.uasset" 493
"G:/My games/ProtocolApocolypse/Content/StarterContent/Materials/M_Ground_Grass.uasset" 494
"G:/My games/ProtocolApocolypse/Content/StarterContent/Textures/T_Ground_Gravel_D.uasset" 495
"G:/My games/ProtocolApocolypse/Content/StarterContent/Textures/T_Ground_Gravel_N.uasset" 496
"G:/My games/ProtocolApocolypse/Content/StarterContent/Materials/M_Ground_Gravel.uasset" 497
"G:/My games/ProtocolApocolypse/Content/StarterContent/Textures/T_ground_Moss_D.uasset" 498
"G:/My games/ProtocolApocolypse/Content/StarterContent/Textures/T_Ground_Moss_N.uasset" 499
"G:/My games/ProtocolApocolypse/Content/StarterContent/Materials/M_Ground_Moss.uasset" 500
"G:/My games/ProtocolApocolypse/Content/StarterContent/Materials/M_Metal_Chrome.uasset" 501
"G:/My games/ProtocolApocolypse/Content/StarterContent/Textures/T_Metal_Gold_D.uasset" 502
"G:/My games/ProtocolApocolypse/Content/StarterContent/Materials/M_Metal_Gold.uasset" 503
"G:/My games/ProtocolApocolypse/Content/StarterContent/Textures/T_Metal_Rust_D.uasset" 504
"G:/My games/ProtocolApocolypse/Content/StarterContent/Materials/M_Metal_Rust.uasset" 505
"G:/My games/ProtocolApocolypse/Content/StarterContent/Textures/T_Metal_Steel_D.uasset" 506
"G:/My games/ProtocolApocolypse/Content/StarterContent/Textures/T_Metal_Steel_N.uasset" 507
"G:/My games/ProtocolApocolypse/Content/StarterContent/Materials/M_Metal_Steel.uasset" 508
"G:/My games/ProtocolApocolypse/Content/StarterContent/Textures/T_Rock_Basalt_N.uasset" 509
"G:/My games/ProtocolApocolypse/Content/StarterContent/Materials/M_Rock_Basalt.uasset" 510
"G:/My games/ProtocolApocolypse/Content/StarterContent/Materials/M_Rock_Marble_Polished.uasset" 511
"G:/My games/ProtocolApocolypse/Content/StarterContent/Textures/T_Rock_Sandstone_D.uasset" 512
"G:/My games/ProtocolApocolypse/Content/StarterContent/Textures/T_Rock_Sandstone_N.uasset" 513
"G:/My games/ProtocolApocolypse/Content/StarterContent/Materials/M_Rock_Sandstone.uasset" 514
"G:/My games/ProtocolApocolypse/Content/StarterContent/Textures/T_Rock_Slate_D.uasset" 515
"G:/My games/ProtocolApocolypse/Content/StarterContent/Textures/T_Rock_Slate_N.uasset" 516
"G:/My games/ProtocolApocolypse/Content/StarterContent/Materials/M_Rock_Slate.uasset" 517
"G:/My games/ProtocolApocolypse/Content/StarterContent/Textures/T_Checker_Noise_M.uasset" 518
"G:/My games/ProtocolApocolypse/Content/StarterContent/Textures/T_Single_Tile_N.uasset" 519
"G:/My games/ProtocolApocolypse/Content/StarterContent/Textures/T_Tech_Dot_M.uasset" 520
"G:/My games/ProtocolApocolypse/Content/StarterContent/Textures/T_Tech_Dot_N.uasset" 521
"G:/My games/ProtocolApocolypse/Content/StarterContent/Materials/M_Tech_Checker_Dot.uasset" 522
"G:/My games/ProtocolApocolypse/Content/StarterContent/Textures/T_Tech_Hex_Tile_M.uasset" 523
"G:/My games/ProtocolApocolypse/Content/StarterContent/Textures/T_Tech_Hex_Tile_N.uasset" 524
"G:/My games/ProtocolApocolypse/Content/StarterContent/Materials/M_Tech_Hex_Tile.uasset" 525
"G:/My games/ProtocolApocolypse/Content/StarterContent/Materials/M_Tech_Hex_Tile_Pulse.uasset" 526
"G:/My games/ProtocolApocolypse/Content/StarterContent/Textures/T_Tech_Panel_M.uasset" 527
"G:/My games/ProtocolApocolypse/Content/StarterContent/Textures/T_Tech_Panel_N.uasset" 528
"G:/My games/ProtocolApocolypse/Content/StarterContent/Materials/M_Tech_Panel.uasset" 529
"G:/My games/ProtocolApocolypse/Content/StarterContent/Materials/M_Water_Lake.uasset" 530
"G:/My games/ProtocolApocolypse/Content/StarterContent/Textures/T_Water_M.uasset" 531
"G:/My games/ProtocolApocolypse/Content/StarterContent/Materials/M_Water_Ocean.uasset" 532
"G:/My games/ProtocolApocolypse/Content/StarterContent/Textures/T_Wood_Floor_Walnut_D.uasset" 533
"G:/My games/ProtocolApocolypse/Content/StarterContent/Textures/T_Wood_Floor_Walnut_M.uasset" 534
"G:/My games/ProtocolApocolypse/Content/StarterContent/Textures/T_Wood_Floor_Walnut_N.uasset" 535
"G:/My games/ProtocolApocolypse/Content/StarterContent/Materials/M_Wood_Floor_Walnut_Polished.uasset" 536
"../../../Engine/Content/Functions/Engine_MaterialFunctions01/Opacity/AlphaOffset.uasset" 537
"G:/My games/ProtocolApocolypse/Content/StarterContent/Materials/M_Wood_Floor_Walnut_Worn.uasset" 538
"G:/My games/ProtocolApocolypse/Content/StarterContent/Textures/T_Wood_Oak_D.uasset" 539
"G:/My games/ProtocolApocolypse/Content/StarterContent/Textures/T_Wood_Oak_N.uasset" 540
"G:/My games/ProtocolApocolypse/Content/StarterContent/Materials/M_Wood_Oak.uasset" 541
"G:/My games/ProtocolApocolypse/Content/StarterContent/Textures/T_Wood_Pine_D.uasset" 542
"G:/My games/ProtocolApocolypse/Content/StarterContent/Textures/T_Wood_Pine_N.uasset" 543
"G:/My games/ProtocolApocolypse/Content/StarterContent/Materials/M_Wood_Pine.uasset" 544
"G:/My games/ProtocolApocolypse/Content/StarterContent/Textures/T_Wood_Walnut_D.uasset" 545
"G:/My games/ProtocolApocolypse/Content/StarterContent/Textures/T_Wood_Walnut_N.uasset" 546
"G:/My games/ProtocolApocolypse/Content/StarterContent/Materials/M_Wood_Walnut.uasset" 547
"G:/My games/ProtocolApocolypse/Content/StarterContent/Architecture/Wall_400x200.uasset" 548
"G:/My games/ProtocolApocolypse/Content/StarterContent/Architecture/Wall_Door_400x300.uasset" 549
"G:/My games/ProtocolApocolypse/Content/StarterContent/Architecture/Wall_Window_400x300.uasset" 550
"G:/My games/ProtocolApocolypse/Content/StarterContent/Audio/Collapse_Cue.uasset" 551
"G:/My games/ProtocolApocolypse/Content/StarterContent/Audio/Starter_Music_Cue.uasset" 552
"G:/My games/ProtocolApocolypse/Content/StarterContent/Textures/T_Dust_Particle_D.uasset" 553
"G:/My games/ProtocolApocolypse/Content/StarterContent/Particles/Materials/M_Dust_Particle.uasset" 554
"G:/My games/ProtocolApocolypse/Content/StarterContent/Particles/P_Ambient_Dust.uasset" 555
"G:/My games/ProtocolApocolypse/Content/StarterContent/Props/MaterialSphere.uasset" 556
"G:/My games/ProtocolApocolypse/Content/StarterContent/Textures/T_Frame_M.uasset" 557
"G:/My games/ProtocolApocolypse/Content/StarterContent/Textures/T_Frame_N.uasset" 558
"G:/My games/ProtocolApocolypse/Content/StarterContent/Props/Materials/M_Frame.uasset" 559
"G:/My games/ProtocolApocolypse/Content/StarterContent/Props/SM_CornerFrame.uasset" 560
"G:/My games/ProtocolApocolypse/Content/StarterContent/Props/SM_DoorFrame.uasset" 561
"G:/My games/ProtocolApocolypse/Content/StarterContent/Props/SM_GlassWindow.uasset" 562
"G:/My games/ProtocolApocolypse/Content/StarterContent/Props/SM_PillarFrame.uasset" 563
"G:/My games/ProtocolApocolypse/Content/StarterContent/Props/SM_PillarFrame300.uasset" 564
"G:/My games/ProtocolApocolypse/Content/StarterContent/Props/SM_WindowFrame.uasset" 565
"G:/My games/ProtocolApocolypse/Content/StarterContent/Shapes/Shape_Cube.uasset" 566
"G:/My games/ProtocolApocolypse/Content/StarterContent/Shapes/Shape_QuadPyramid.uasset" 567
"G:/My games/ProtocolApocolypse/Content/StarterContent/Shapes/Shape_Sphere.uasset" 568
"G:/My games/ProtocolApocolypse/Content/StarterContent/Maps/StarterMap.umap" 569
"G:/My games/ProtocolApocolypse/Content/ThirdPersonBP/Maps/loadout_map.umap" 570
"G:/My games/ProtocolApocolypse/Content/ThirdPersonBP/Maps/stronghold_BuiltData.uasset" 571
"G:/My games/ProtocolApocolypse/Content/Geometry/Meshes/TemplateFloor.uasset" 572
"G:/My games/ProtocolApocolypse/Content/ThirdPersonBP/Maps/stronghold.umap" 573
"../../../Engine/Content/Maps/Entry_BuiltData.uasset" 574
"../../../Engine/Content/Maps/Entry.umap" 575
