Log file open, 12/09/19 12:15:41
LogWindows: Failed to load 'aqProf.dll' (GetLastError=126)
LogWindows: File 'aqProf.dll' does not exist
LogWindows: Failed to load 'VtuneApi.dll' (GetLastError=126)
LogWindows: File 'VtuneApi.dll' does not exist
LogWindows: Failed to load 'VtuneApi32e.dll' (GetLastError=126)
LogWindows: File 'VtuneApi32e.dll' does not exist
LogConsoleResponse: Display: Failed to find resolution value strings in scalability ini. Falling back to default.
LogInit: Display: Running engine for game: ProtocolApocolypse
LogPlatformFile: Not using cached read wrapper
LogTaskGraph: Started task graph with 5 named threads and 23 total threads with 3 sets of task threads.
LogStats: Stats thread started at 0.075628
LogD3D11RHI: Loaded GFSDK_Aftermath_Lib.x64.dll
LogICUInternationalization: ICU TimeZone Detection - Raw Offset: +8:00, Platform Override: ''
LogPluginManager: Mounting plugin Paper2D
LogPluginManager: Mounting plugin AISupport
LogPluginManager: Mounting plugin LightPropagationVolume
LogPluginManager: Mounting plugin ActorLayerUtilities
LogPluginManager: Mounting plugin AnimationSharing
LogPluginManager: Mounting plugin CLionSourceCodeAccess
LogPluginManager: Mounting plugin CodeLiteSourceCodeAccess
LogPluginManager: Mounting plugin GitSourceControl
LogPluginManager: Mounting plugin KDevelopSourceCodeAccess
LogPluginManager: Mounting plugin NullSourceCodeAccess
LogPluginManager: Mounting plugin PerforceSourceControl
LogPluginManager: Mounting plugin SubversionSourceControl
LogPluginManager: Mounting plugin UObjectPlugin
LogPluginManager: Mounting plugin VisualStudioCodeSourceCodeAccess
LogPluginManager: Mounting plugin VisualStudioSourceCodeAccess
LogPluginManager: Mounting plugin XCodeSourceCodeAccess
LogPluginManager: Mounting plugin AssetManagerEditor
LogPluginManager: Mounting plugin CryptoKeys
LogPluginManager: Mounting plugin CurveEditorTools
LogPluginManager: Mounting plugin DataValidation
LogPluginManager: Mounting plugin FacialAnimation
LogPluginManager: Mounting plugin GameplayTagsEditor
LogPluginManager: Mounting plugin MacGraphicsSwitching
LogPluginManager: Mounting plugin MaterialAnalyzer
LogPluginManager: Mounting plugin MobileLauncherProfileWizard
LogPluginManager: Mounting plugin PluginBrowser
LogPluginManager: Mounting plugin SpeedTreeImporter
LogPluginManager: Mounting plugin DatasmithContent
LogPluginManager: Mounting plugin VariantManagerContent
LogPluginManager: Mounting plugin AlembicImporter
LogPluginManager: Mounting plugin AutomationUtils
LogPluginManager: Mounting plugin BackChannel
LogPluginManager: Mounting plugin CharacterAI
LogPluginManager: Mounting plugin GeometryCache
LogPluginManager: Mounting plugin HTML5Networking
LogPluginManager: Mounting plugin PlatformCrypto
LogPluginManager: Mounting plugin ProxyLODPlugin
LogPluginManager: Mounting plugin SkeletalReduction
LogPluginManager: Mounting plugin MagicLeap
LogPluginManager: Mounting plugin MagicLeapMedia
LogPluginManager: Mounting plugin AndroidMedia
LogPluginManager: Mounting plugin AvfMedia
LogPluginManager: Mounting plugin ImgMedia
LogPluginManager: Mounting plugin MediaCompositing
LogPluginManager: Mounting plugin MediaPlayerEditor
LogPluginManager: Mounting plugin WebMMedia
LogPluginManager: Mounting plugin WmfMedia
LogPluginManager: Mounting plugin TcpMessaging
LogPluginManager: Mounting plugin UdpMessaging
LogPluginManager: Mounting plugin ActorSequence
LogPluginManager: Mounting plugin LevelSequenceEditor
LogPluginManager: Mounting plugin MatineeToLevelSequence
LogPluginManager: Mounting plugin NetcodeUnitTest
LogPluginManager: Mounting plugin NUTUnrealEngine4
LogPluginManager: Mounting plugin OnlineSubsystemGooglePlay
LogPluginManager: Mounting plugin OnlineSubsystemIOS
LogPluginManager: Mounting plugin OnlineSubsystem
LogPluginManager: Mounting plugin OnlineSubsystemNull
LogPluginManager: Mounting plugin OnlineSubsystemUtils
LogPluginManager: Mounting plugin LauncherChunkInstaller
LogPluginManager: Mounting plugin AndroidDeviceProfileSelector
LogPluginManager: Mounting plugin AndroidMoviePlayer
LogPluginManager: Mounting plugin AndroidPermission
LogPluginManager: Mounting plugin AppleImageUtils
LogPluginManager: Mounting plugin AppleMoviePlayer
LogPluginManager: Mounting plugin ArchVisCharacter
LogPluginManager: Mounting plugin AudioCapture
LogPluginManager: Mounting plugin CableComponent
LogPluginManager: Mounting plugin CustomMeshComponent
LogPluginManager: Mounting plugin EditableMesh
LogPluginManager: Mounting plugin ExampleDeviceProfileSelector
LogPluginManager: Mounting plugin GoogleCloudMessaging
LogPluginManager: Mounting plugin IOSDeviceProfileSelector
LogPluginManager: Mounting plugin LinuxDeviceProfileSelector
LogPluginManager: Mounting plugin LocationServicesBPLibrary
LogPluginManager: Mounting plugin MobilePatchingUtils
LogPluginManager: Mounting plugin OculusVR
LogPluginManager: Mounting plugin PhysXVehicles
LogPluginManager: Mounting plugin ProceduralMeshComponent
LogPluginManager: Mounting plugin RuntimePhysXCooking
LogPluginManager: Mounting plugin SignificanceManager
LogPluginManager: Mounting plugin SteamVR
LogPluginManager: Mounting plugin WebMMoviePlayer
LogPluginManager: Mounting plugin WindowsMoviePlayer
LogPluginManager: Mounting plugin ScreenshotTools
LogInit: Using libcurl 7.55.1-DEV
LogInit:  - built for x86_64-pc-win32
LogInit:  - supports SSL with OpenSSL/1.1.1
LogInit:  - supports HTTP deflate (compression) using libz 1.2.8
LogInit:  - other features:
LogInit:      CURL_VERSION_SSL
LogInit:      CURL_VERSION_LIBZ
LogInit:      CURL_VERSION_IPV6
LogInit:      CURL_VERSION_ASYNCHDNS
LogInit:      CURL_VERSION_LARGEFILE
LogInit:      CURL_VERSION_IDN
LogInit:  CurlRequestOptions (configurable via config and command line):
LogInit:  - bVerifyPeer = true  - Libcurl will verify peer certificate
LogInit:  - bUseHttpProxy = false  - Libcurl will NOT use HTTP proxy
LogInit:  - bDontReuseConnections = false  - Libcurl will reuse connections
LogInit:  - MaxHostConnections = 16  - Libcurl will limit the number of connections to a host
LogInit:  - LocalHostAddr = Default
LogInit:  - BufferSize = 65536
LogOnline: OSS: Creating online subsystem instance for: NULL
LogInit: WinSock: version 1.1 (2.2), MaxSocks=32767, MaxUdp=65467
LogInit: Build: ++UE4+Release-4.23-CL-9631420
LogInit: Engine Version: 4.23.1-9631420+++UE4+Release-4.23
LogInit: Compatible Engine Version: 4.23.0-8386587+++UE4+Release-4.23
LogInit: Net CL: 8386587
LogInit: OS: Windows 10 (Release 1903) (), CPU: Intel(R) Core(TM) i7-7700 CPU @ 3.60GHz, GPU: NVIDIA GeForce GTX 1070
LogInit: Compiled (64-bit): Oct 18 2019 02:07:44
LogInit: Compiled with Visual C++: 19.16.27030.01
LogInit: Build Configuration: Development
LogInit: Branch Name: ++UE4+Release-4.23
LogInit: Command Line: 
LogInit: Base Directory: D:/Game dev stuff/UE_4.23/Engine/Binaries/Win64/
LogInit: Installed Engine Build: 1
LogDevObjectVersion: Number of dev versions registered: 23
LogDevObjectVersion:   Dev-Blueprints (B0D832E4-1F89-4F0D-ACCF-7EB736FD4AA2): 10
LogDevObjectVersion:   Dev-Build (E1C64328-A22C-4D53-A36C-8E866417BD8C): 0
LogDevObjectVersion:   Dev-Core (375EC13C-06E4-48FB-B500-84F0262A717E): 3
LogDevObjectVersion:   Dev-Editor (E4B068ED-F494-42E9-A231-DA0B2E46BB41): 34
LogDevObjectVersion:   Dev-Framework (CFFC743F-43B0-4480-9391-14DF171D2073): 35
LogDevObjectVersion:   Dev-Mobile (B02B49B5-BB20-44E9-A304-32B752E40360): 2
LogDevObjectVersion:   Dev-Networking (A4E4105C-59A1-49B5-A7C5-40C4547EDFEE): 0
LogDevObjectVersion:   Dev-Online (39C831C9-5AE6-47DC-9A44-9C173E1C8E7C): 0
LogDevObjectVersion:   Dev-Physics (78F01B33-EBEA-4F98-B9B4-84EACCB95AA2): 0
LogDevObjectVersion:   Dev-Platform (6631380F-2D4D-43E0-8009-CF276956A95A): 0
LogDevObjectVersion:   Dev-Rendering (12F88B9F-8875-4AFC-A67C-D90C383ABD29): 31
LogDevObjectVersion:   Dev-Sequencer (7B5AE74C-D270-4C10-A958-57980B212A5A): 11
LogDevObjectVersion:   Dev-VR (D7296918-1DD6-4BDD-9DE2-64A83CC13884): 2
LogDevObjectVersion:   Dev-LoadTimes (C2A15278-BFE7-4AFE-6C17-90FF531DF755): 1
LogDevObjectVersion:   Private-Geometry (6EACA3D4-40EC-4CC1-B786-8BED09428FC5): 3
LogDevObjectVersion:   Dev-AnimPhys (29E575DD-E0A3-4627-9D10-D276232CDCEA): 17
LogDevObjectVersion:   Dev-Anim (AF43A65D-7FD3-4947-9873-3E8ED9C1BB05): 2
LogDevObjectVersion:   Dev-ReflectionCapture (6B266CEC-1EC7-4B8F-A30B-E4D90942FC07): 1
LogDevObjectVersion:   Dev-Automation (0DF73D61-A23F-47EA-B727-89E90C41499A): 1
LogDevObjectVersion:   FortniteMain (601D1886-AC64-4F84-AA16-D3DE0DEAC7D6): 27
LogDevObjectVersion:   Dev-Enterprise (9DFFBCD6-494F-0158-E221-12823C92A888): 6
LogDevObjectVersion:   Dev-Niagara (F2AED0AC-9AFE-416F-8664-AA7FFA26D6FC): 1
LogDevObjectVersion:   Dev-Destruction (174F1F0B-B4C6-45A5-B13F-2EE8D0FB917D): 9
LogInit: Presizing for max 16777216 objects, including 0 objects not considered by GC, pre-allocating 0 bytes for permanent pool.
LogInit: Object subsystem initialized
LogConfig: Setting CVar [[con.DebugEarlyDefault:1]]
LogConfig: Setting CVar [[r.setres:1280x720]]
[2019.12.09-04.15.41:322][  0]LogConfig: Setting CVar [[r.VSync:0]]
[2019.12.09-04.15.41:322][  0]LogConfig: Setting CVar [[r.RHICmdBypass:0]]
[2019.12.09-04.15.41:322][  0]LogConfig: Applying CVar settings from Section [/Script/Engine.RendererSettings] File [G:/My games/PA server/Protocol-Apocolypse/ProtocolApocolypse 4.23/Saved/Config/Windows/Engine.ini]
[2019.12.09-04.15.41:322][  0]LogConfig: Setting CVar [[r.GPUCrashDebugging:0]]
[2019.12.09-04.15.41:322][  0]LogConfig: Applying CVar settings from Section [/Script/Engine.RendererOverrideSettings] File [G:/My games/PA server/Protocol-Apocolypse/ProtocolApocolypse 4.23/Saved/Config/Windows/Engine.ini]
[2019.12.09-04.15.41:322][  0]LogConfig: Applying CVar settings from Section [/Script/Engine.StreamingSettings] File [G:/My games/PA server/Protocol-Apocolypse/ProtocolApocolypse 4.23/Saved/Config/Windows/Engine.ini]
[2019.12.09-04.15.41:322][  0]LogConfig: Setting CVar [[s.MinBulkDataSizeForAsyncLoading:131072]]
[2019.12.09-04.15.41:322][  0]LogConfig: Setting CVar [[s.AsyncLoadingThreadEnabled:0]]
[2019.12.09-04.15.41:322][  0]LogConfig: Setting CVar [[s.EventDrivenLoaderEnabled:1]]
[2019.12.09-04.15.41:322][  0]LogConfig: Setting CVar [[s.WarnIfTimeLimitExceeded:0]]
[2019.12.09-04.15.41:322][  0]LogConfig: Setting CVar [[s.TimeLimitExceededMultiplier:1.5]]
[2019.12.09-04.15.41:322][  0]LogConfig: Setting CVar [[s.TimeLimitExceededMinTime:0.005]]
[2019.12.09-04.15.41:322][  0]LogConfig: Setting CVar [[s.UseBackgroundLevelStreaming:1]]
[2019.12.09-04.15.41:322][  0]LogConfig: Setting CVar [[s.PriorityAsyncLoadingExtraTime:15.0]]
[2019.12.09-04.15.41:322][  0]LogConfig: Setting CVar [[s.LevelStreamingActorsUpdateTimeLimit:5.0]]
[2019.12.09-04.15.41:322][  0]LogConfig: Setting CVar [[s.PriorityLevelStreamingActorsUpdateExtraTime:5.0]]
[2019.12.09-04.15.41:322][  0]LogConfig: Setting CVar [[s.LevelStreamingComponentsRegistrationGranularity:10]]
[2019.12.09-04.15.41:322][  0]LogConfig: Setting CVar [[s.UnregisterComponentsTimeLimit:1.0]]
[2019.12.09-04.15.41:322][  0]LogConfig: Setting CVar [[s.LevelStreamingComponentsUnregistrationGranularity:5]]
[2019.12.09-04.15.41:322][  0]LogConfig: Applying CVar settings from Section [/Script/Engine.GarbageCollectionSettings] File [G:/My games/PA server/Protocol-Apocolypse/ProtocolApocolypse 4.23/Saved/Config/Windows/Engine.ini]
[2019.12.09-04.15.41:322][  0]LogConfig: Setting CVar [[gc.MaxObjectsNotConsideredByGC:1]]
[2019.12.09-04.15.41:322][  0]LogConfig: Setting CVar [[gc.SizeOfPermanentObjectPool:0]]
[2019.12.09-04.15.41:322][  0]LogConfig: Setting CVar [[gc.FlushStreamingOnGC:0]]
[2019.12.09-04.15.41:322][  0]LogConfig: Setting CVar [[gc.NumRetriesBeforeForcingGC:10]]
[2019.12.09-04.15.41:322][  0]LogConfig: Setting CVar [[gc.AllowParallelGC:1]]
[2019.12.09-04.15.41:322][  0]LogConfig: Setting CVar [[gc.TimeBetweenPurgingPendingKillObjects:61.1]]
[2019.12.09-04.15.41:322][  0]LogConfig: Setting CVar [[gc.MaxObjectsInEditor:16777216]]
[2019.12.09-04.15.41:322][  0]LogConfig: Setting CVar [[gc.IncrementalBeginDestroyEnabled:1]]
[2019.12.09-04.15.41:322][  0]LogConfig: Setting CVar [[gc.CreateGCClusters:1]]
[2019.12.09-04.15.41:322][  0]LogConfig: Setting CVar [[gc.MinGCClusterSize:5]]
[2019.12.09-04.15.41:322][  0]LogConfig: Setting CVar [[gc.ActorClusteringEnabled:0]]
[2019.12.09-04.15.41:323][  0]LogConfig: Setting CVar [[gc.BlueprintClusteringEnabled:0]]
[2019.12.09-04.15.41:323][  0]LogConfig: Setting CVar [[gc.UseDisregardForGCOnDedicatedServers:0]]
[2019.12.09-04.15.41:323][  0]LogConfig: Applying CVar settings from Section [/Script/Engine.NetworkSettings] File [G:/My games/PA server/Protocol-Apocolypse/ProtocolApocolypse 4.23/Saved/Config/Windows/Engine.ini]
[2019.12.09-04.15.41:323][  0]LogConfig: Applying CVar settings from Section [/Script/UnrealEd.CookerSettings] File [G:/My games/PA server/Protocol-Apocolypse/ProtocolApocolypse 4.23/Saved/Config/Windows/Engine.ini]
[2019.12.09-04.15.41:326][  0]LogConfig: Applying CVar settings from Section [ViewDistanceQuality@3] File [G:/My games/PA server/Protocol-Apocolypse/ProtocolApocolypse 4.23/Saved/Config/Windows/Scalability.ini]
[2019.12.09-04.15.41:326][  0]LogConfig: Setting CVar [[r.SkeletalMeshLODBias:0]]
[2019.12.09-04.15.41:326][  0]LogConfig: Setting CVar [[r.ViewDistanceScale:1.0]]
[2019.12.09-04.15.41:326][  0]LogConfig: Applying CVar settings from Section [AntiAliasingQuality@3] File [G:/My games/PA server/Protocol-Apocolypse/ProtocolApocolypse 4.23/Saved/Config/Windows/Scalability.ini]
[2019.12.09-04.15.41:326][  0]LogConfig: Setting CVar [[r.PostProcessAAQuality:4]]
[2019.12.09-04.15.41:326][  0]LogConfig: Applying CVar settings from Section [ShadowQuality@3] File [G:/My games/PA server/Protocol-Apocolypse/ProtocolApocolypse 4.23/Saved/Config/Windows/Scalability.ini]
[2019.12.09-04.15.41:326][  0]LogConfig: Setting CVar [[r.LightFunctionQuality:1]]
[2019.12.09-04.15.41:326][  0]LogConfig: Setting CVar [[r.ShadowQuality:5]]
[2019.12.09-04.15.41:326][  0]LogConfig: Setting CVar [[r.Shadow.CSM.MaxCascades:10]]
[2019.12.09-04.15.41:326][  0]LogConfig: Setting CVar [[r.Shadow.MaxResolution:2048]]
[2019.12.09-04.15.41:326][  0]LogConfig: Setting CVar [[r.Shadow.MaxCSMResolution:2048]]
[2019.12.09-04.15.41:326][  0]LogConfig: Setting CVar [[r.Shadow.RadiusThreshold:0.01]]
[2019.12.09-04.15.41:326][  0]LogConfig: Setting CVar [[r.Shadow.DistanceScale:1.0]]
[2019.12.09-04.15.41:326][  0]LogConfig: Setting CVar [[r.Shadow.CSM.TransitionScale:1.0]]
[2019.12.09-04.15.41:326][  0]LogConfig: Setting CVar [[r.Shadow.PreShadowResolutionFactor:1.0]]
[2019.12.09-04.15.41:326][  0]LogConfig: Setting CVar [[r.DistanceFieldShadowing:1]]
[2019.12.09-04.15.41:326][  0]LogConfig: Setting CVar [[r.DistanceFieldAO:1]]
[2019.12.09-04.15.41:326][  0]LogConfig: Setting CVar [[r.AOQuality:2]]
[2019.12.09-04.15.41:326][  0]LogConfig: Setting CVar [[r.VolumetricFog:1]]
[2019.12.09-04.15.41:326][  0]LogConfig: Setting CVar [[r.VolumetricFog.GridPixelSize:8]]
[2019.12.09-04.15.41:326][  0]LogConfig: Setting CVar [[r.VolumetricFog.GridSizeZ:128]]
[2019.12.09-04.15.41:326][  0]LogConfig: Setting CVar [[r.VolumetricFog.HistoryMissSupersampleCount:4]]
[2019.12.09-04.15.41:326][  0]LogConfig: Setting CVar [[r.LightMaxDrawDistanceScale:1]]
[2019.12.09-04.15.41:326][  0]LogConfig: Setting CVar [[r.CapsuleShadows:1]]
[2019.12.09-04.15.41:326][  0]LogConfig: Applying CVar settings from Section [PostProcessQuality@3] File [G:/My games/PA server/Protocol-Apocolypse/ProtocolApocolypse 4.23/Saved/Config/Windows/Scalability.ini]
[2019.12.09-04.15.41:326][  0]LogConfig: Setting CVar [[r.MotionBlurQuality:4]]
[2019.12.09-04.15.41:326][  0]LogConfig: Setting CVar [[r.AmbientOcclusionMipLevelFactor:0.4]]
[2019.12.09-04.15.41:326][  0]LogConfig: Setting CVar [[r.AmbientOcclusionMaxQuality:100]]
[2019.12.09-04.15.41:326][  0]LogConfig: Setting CVar [[r.AmbientOcclusionLevels:-1]]
[2019.12.09-04.15.41:326][  0]LogConfig: Setting CVar [[r.AmbientOcclusionRadiusScale:1.0]]
[2019.12.09-04.15.41:326][  0]LogConfig: Setting CVar [[r.DepthOfFieldQuality:2]]
[2019.12.09-04.15.41:326][  0]LogConfig: Setting CVar [[r.RenderTargetPoolMin:400]]
[2019.12.09-04.15.41:326][  0]LogConfig: Setting CVar [[r.LensFlareQuality:2]]
[2019.12.09-04.15.41:326][  0]LogConfig: Setting CVar [[r.SceneColorFringeQuality:1]]
[2019.12.09-04.15.41:326][  0]LogConfig: Setting CVar [[r.EyeAdaptationQuality:2]]
[2019.12.09-04.15.41:326][  0]LogConfig: Setting CVar [[r.BloomQuality:5]]
[2019.12.09-04.15.41:326][  0]LogConfig: Setting CVar [[r.FastBlurThreshold:100]]
[2019.12.09-04.15.41:326][  0]LogConfig: Setting CVar [[r.Upscale.Quality:3]]
[2019.12.09-04.15.41:326][  0]LogConfig: Setting CVar [[r.Tonemapper.GrainQuantization:1]]
[2019.12.09-04.15.41:326][  0]LogConfig: Setting CVar [[r.LightShaftQuality:1]]
[2019.12.09-04.15.41:326][  0]LogConfig: Setting CVar [[r.Filter.SizeScale:1]]
[2019.12.09-04.15.41:326][  0]LogConfig: Setting CVar [[r.Tonemapper.Quality:5]]
[2019.12.09-04.15.41:326][  0]LogConfig: Setting CVar [[r.DOF.Gather.AccumulatorQuality:1        ; higher gathering accumulator quality]]
[2019.12.09-04.15.41:326][  0]LogConfig: Setting CVar [[r.DOF.Gather.PostfilterMethod:1          ; Median3x3 postfilering method]]
[2019.12.09-04.15.41:326][  0]LogConfig: Setting CVar [[r.DOF.Gather.EnableBokehSettings:0       ; no bokeh simulation when gathering]]
[2019.12.09-04.15.41:326][  0]LogConfig: Setting CVar [[r.DOF.Gather.RingCount:4                 ; medium number of samples when gathering]]
[2019.12.09-04.15.41:326][  0]LogConfig: Setting CVar [[r.DOF.Scatter.ForegroundCompositing:1    ; additive foreground scattering]]
[2019.12.09-04.15.41:326][  0]LogConfig: Setting CVar [[r.DOF.Scatter.BackgroundCompositing:2    ; additive background scattering]]
[2019.12.09-04.15.41:326][  0]LogConfig: Setting CVar [[r.DOF.Scatter.EnableBokehSettings:1      ; bokeh simulation when scattering]]
[2019.12.09-04.15.41:326][  0]LogConfig: Setting CVar [[r.DOF.Scatter.MaxSpriteRatio:0.1         ; only a maximum of 10% of scattered bokeh]]
[2019.12.09-04.15.41:326][  0]LogConfig: Setting CVar [[r.DOF.Recombine.Quality:1                ; cheap slight out of focus]]
[2019.12.09-04.15.41:326][  0]LogConfig: Setting CVar [[r.DOF.Recombine.EnableBokehSettings:0    ; no bokeh simulation on slight out of focus]]
[2019.12.09-04.15.41:326][  0]LogConfig: Setting CVar [[r.DOF.TemporalAAQuality:1                ; more stable temporal accumulation]]
[2019.12.09-04.15.41:326][  0]LogConfig: Setting CVar [[r.DOF.Kernel.MaxForegroundRadius:0.025]]
[2019.12.09-04.15.41:326][  0]LogConfig: Setting CVar [[r.DOF.Kernel.MaxBackgroundRadius:0.025]]
[2019.12.09-04.15.41:326][  0]LogConfig: Applying CVar settings from Section [TextureQuality@3] File [G:/My games/PA server/Protocol-Apocolypse/ProtocolApocolypse 4.23/Saved/Config/Windows/Scalability.ini]
[2019.12.09-04.15.41:327][  0]LogConfig: Setting CVar [[r.Streaming.MipBias:0]]
[2019.12.09-04.15.41:327][  0]LogConfig: Setting CVar [[r.Streaming.AmortizeCPUToGPUCopy:0]]
[2019.12.09-04.15.41:327][  0]LogConfig: Setting CVar [[r.Streaming.MaxNumTexturesToStreamPerFrame:0]]
[2019.12.09-04.15.41:327][  0]LogConfig: Setting CVar [[r.Streaming.Boost:1]]
[2019.12.09-04.15.41:327][  0]LogConfig: Setting CVar [[r.MaxAnisotropy:8]]
[2019.12.09-04.15.41:327][  0]LogConfig: Setting CVar [[r.Streaming.LimitPoolSizeToVRAM:0]]
[2019.12.09-04.15.41:327][  0]LogConfig: Setting CVar [[r.Streaming.PoolSize:1000]]
[2019.12.09-04.15.41:327][  0]LogConfig: Setting CVar [[r.Streaming.MaxEffectiveScreenSize:0]]
[2019.12.09-04.15.41:327][  0]LogConfig: Applying CVar settings from Section [EffectsQuality@3] File [G:/My games/PA server/Protocol-Apocolypse/ProtocolApocolypse 4.23/Saved/Config/Windows/Scalability.ini]
[2019.12.09-04.15.41:327][  0]LogConfig: Setting CVar [[r.TranslucencyLightingVolumeDim:64]]
[2019.12.09-04.15.41:327][  0]LogConfig: Setting CVar [[r.RefractionQuality:2]]
[2019.12.09-04.15.41:327][  0]LogConfig: Setting CVar [[r.SSR.Quality:3]]
[2019.12.09-04.15.41:327][  0]LogConfig: Setting CVar [[r.SceneColorFormat:4]]
[2019.12.09-04.15.41:327][  0]LogConfig: Setting CVar [[r.DetailMode:2]]
[2019.12.09-04.15.41:327][  0]LogConfig: Setting CVar [[r.TranslucencyVolumeBlur:1]]
[2019.12.09-04.15.41:327][  0]LogConfig: Setting CVar [[r.MaterialQualityLevel:1 ; High quality]]
[2019.12.09-04.15.41:327][  0]LogConfig: Setting CVar [[r.SSS.Scale:1]]
[2019.12.09-04.15.41:327][  0]LogConfig: Setting CVar [[r.SSS.SampleSet:2]]
[2019.12.09-04.15.41:327][  0]LogConfig: Setting CVar [[r.SSS.Quality:1]]
[2019.12.09-04.15.41:327][  0]LogConfig: Setting CVar [[r.SSS.HalfRes:1]]
[2019.12.09-04.15.41:327][  0]LogConfig: Setting CVar [[r.EmitterSpawnRateScale:1.0]]
[2019.12.09-04.15.41:327][  0]LogConfig: Setting CVar [[r.ParticleLightQuality:2]]
[2019.12.09-04.15.41:327][  0]LogConfig: Applying CVar settings from Section [FoliageQuality@3] File [G:/My games/PA server/Protocol-Apocolypse/ProtocolApocolypse 4.23/Saved/Config/Windows/Scalability.ini]
[2019.12.09-04.15.41:327][  0]LogConfig: Setting CVar [[foliage.DensityScale:1.0]]
[2019.12.09-04.15.41:327][  0]LogConfig: Setting CVar [[grass.DensityScale:1.0]]
[2019.12.09-04.15.41:327][  0]LogInit: Selected Device Profile: [Windows]
[2019.12.09-04.15.41:327][  0]LogInit: Applying CVar settings loaded from the selected device profile: [Windows]
[2019.12.09-04.15.41:338][  0]LogHAL: Display: Platform has ~ 16 GB [17117212672 / 17179869184 / 16], which maps to Larger [LargestMinGB=32, LargerMinGB=12, DefaultMinGB=8, SmallerMinGB=6, SmallestMinGB=0)
[2019.12.09-04.15.41:338][  0]LogInit: Going up to parent DeviceProfile []
[2019.12.09-04.15.41:338][  0]LogConfig: Applying CVar settings from Section [ViewDistanceQuality@3] File [G:/My games/PA server/Protocol-Apocolypse/ProtocolApocolypse 4.23/Saved/Config/Windows/Scalability.ini]
[2019.12.09-04.15.41:338][  0]LogConfig: Setting CVar [[r.SkeletalMeshLODBias:0]]
[2019.12.09-04.15.41:338][  0]LogConfig: Setting CVar [[r.ViewDistanceScale:1.0]]
[2019.12.09-04.15.41:338][  0]LogConfig: Applying CVar settings from Section [AntiAliasingQuality@3] File [G:/My games/PA server/Protocol-Apocolypse/ProtocolApocolypse 4.23/Saved/Config/Windows/Scalability.ini]
[2019.12.09-04.15.41:338][  0]LogConfig: Setting CVar [[r.PostProcessAAQuality:4]]
[2019.12.09-04.15.41:338][  0]LogConfig: Applying CVar settings from Section [ShadowQuality@3] File [G:/My games/PA server/Protocol-Apocolypse/ProtocolApocolypse 4.23/Saved/Config/Windows/Scalability.ini]
[2019.12.09-04.15.41:338][  0]LogConfig: Setting CVar [[r.LightFunctionQuality:1]]
[2019.12.09-04.15.41:338][  0]LogConfig: Setting CVar [[r.ShadowQuality:5]]
[2019.12.09-04.15.41:338][  0]LogConfig: Setting CVar [[r.Shadow.CSM.MaxCascades:10]]
[2019.12.09-04.15.41:338][  0]LogConfig: Setting CVar [[r.Shadow.MaxResolution:2048]]
[2019.12.09-04.15.41:338][  0]LogConfig: Setting CVar [[r.Shadow.MaxCSMResolution:2048]]
[2019.12.09-04.15.41:338][  0]LogConfig: Setting CVar [[r.Shadow.RadiusThreshold:0.01]]
[2019.12.09-04.15.41:338][  0]LogConfig: Setting CVar [[r.Shadow.DistanceScale:1.0]]
[2019.12.09-04.15.41:338][  0]LogConfig: Setting CVar [[r.Shadow.CSM.TransitionScale:1.0]]
[2019.12.09-04.15.41:338][  0]LogConfig: Setting CVar [[r.Shadow.PreShadowResolutionFactor:1.0]]
[2019.12.09-04.15.41:338][  0]LogConfig: Setting CVar [[r.DistanceFieldShadowing:1]]
[2019.12.09-04.15.41:338][  0]LogConfig: Setting CVar [[r.DistanceFieldAO:1]]
[2019.12.09-04.15.41:338][  0]LogConfig: Setting CVar [[r.AOQuality:2]]
[2019.12.09-04.15.41:338][  0]LogConfig: Setting CVar [[r.VolumetricFog:1]]
[2019.12.09-04.15.41:338][  0]LogConfig: Setting CVar [[r.VolumetricFog.GridPixelSize:8]]
[2019.12.09-04.15.41:338][  0]LogConfig: Setting CVar [[r.VolumetricFog.GridSizeZ:128]]
[2019.12.09-04.15.41:338][  0]LogConfig: Setting CVar [[r.VolumetricFog.HistoryMissSupersampleCount:4]]
[2019.12.09-04.15.41:338][  0]LogConfig: Setting CVar [[r.LightMaxDrawDistanceScale:1]]
[2019.12.09-04.15.41:338][  0]LogConfig: Setting CVar [[r.CapsuleShadows:1]]
[2019.12.09-04.15.41:338][  0]LogConfig: Applying CVar settings from Section [PostProcessQuality@3] File [G:/My games/PA server/Protocol-Apocolypse/ProtocolApocolypse 4.23/Saved/Config/Windows/Scalability.ini]
[2019.12.09-04.15.41:338][  0]LogConfig: Setting CVar [[r.MotionBlurQuality:4]]
[2019.12.09-04.15.41:338][  0]LogConfig: Setting CVar [[r.AmbientOcclusionMipLevelFactor:0.4]]
[2019.12.09-04.15.41:338][  0]LogConfig: Setting CVar [[r.AmbientOcclusionMaxQuality:100]]
[2019.12.09-04.15.41:338][  0]LogConfig: Setting CVar [[r.AmbientOcclusionLevels:-1]]
[2019.12.09-04.15.41:338][  0]LogConfig: Setting CVar [[r.AmbientOcclusionRadiusScale:1.0]]
[2019.12.09-04.15.41:338][  0]LogConfig: Setting CVar [[r.DepthOfFieldQuality:2]]
[2019.12.09-04.15.41:338][  0]LogConfig: Setting CVar [[r.RenderTargetPoolMin:400]]
[2019.12.09-04.15.41:338][  0]LogConfig: Setting CVar [[r.LensFlareQuality:2]]
[2019.12.09-04.15.41:338][  0]LogConfig: Setting CVar [[r.SceneColorFringeQuality:1]]
[2019.12.09-04.15.41:338][  0]LogConfig: Setting CVar [[r.EyeAdaptationQuality:2]]
[2019.12.09-04.15.41:338][  0]LogConfig: Setting CVar [[r.BloomQuality:5]]
[2019.12.09-04.15.41:338][  0]LogConfig: Setting CVar [[r.FastBlurThreshold:100]]
[2019.12.09-04.15.41:338][  0]LogConfig: Setting CVar [[r.Upscale.Quality:3]]
[2019.12.09-04.15.41:338][  0]LogConfig: Setting CVar [[r.Tonemapper.GrainQuantization:1]]
[2019.12.09-04.15.41:338][  0]LogConfig: Setting CVar [[r.LightShaftQuality:1]]
[2019.12.09-04.15.41:338][  0]LogConfig: Setting CVar [[r.Filter.SizeScale:1]]
[2019.12.09-04.15.41:339][  0]LogConfig: Setting CVar [[r.Tonemapper.Quality:5]]
[2019.12.09-04.15.41:339][  0]LogConfig: Setting CVar [[r.DOF.Gather.AccumulatorQuality:1        ; higher gathering accumulator quality]]
[2019.12.09-04.15.41:339][  0]LogConfig: Setting CVar [[r.DOF.Gather.PostfilterMethod:1          ; Median3x3 postfilering method]]
[2019.12.09-04.15.41:339][  0]LogConfig: Setting CVar [[r.DOF.Gather.EnableBokehSettings:0       ; no bokeh simulation when gathering]]
[2019.12.09-04.15.41:339][  0]LogConfig: Setting CVar [[r.DOF.Gather.RingCount:4                 ; medium number of samples when gathering]]
[2019.12.09-04.15.41:339][  0]LogConfig: Setting CVar [[r.DOF.Scatter.ForegroundCompositing:1    ; additive foreground scattering]]
[2019.12.09-04.15.41:339][  0]LogConfig: Setting CVar [[r.DOF.Scatter.BackgroundCompositing:2    ; additive background scattering]]
[2019.12.09-04.15.41:339][  0]LogConfig: Setting CVar [[r.DOF.Scatter.EnableBokehSettings:1      ; bokeh simulation when scattering]]
[2019.12.09-04.15.41:339][  0]LogConfig: Setting CVar [[r.DOF.Scatter.MaxSpriteRatio:0.1         ; only a maximum of 10% of scattered bokeh]]
[2019.12.09-04.15.41:339][  0]LogConfig: Setting CVar [[r.DOF.Recombine.Quality:1                ; cheap slight out of focus]]
[2019.12.09-04.15.41:339][  0]LogConfig: Setting CVar [[r.DOF.Recombine.EnableBokehSettings:0    ; no bokeh simulation on slight out of focus]]
[2019.12.09-04.15.41:339][  0]LogConfig: Setting CVar [[r.DOF.TemporalAAQuality:1                ; more stable temporal accumulation]]
[2019.12.09-04.15.41:339][  0]LogConfig: Setting CVar [[r.DOF.Kernel.MaxForegroundRadius:0.025]]
[2019.12.09-04.15.41:339][  0]LogConfig: Setting CVar [[r.DOF.Kernel.MaxBackgroundRadius:0.025]]
[2019.12.09-04.15.41:339][  0]LogConfig: Applying CVar settings from Section [TextureQuality@3] File [G:/My games/PA server/Protocol-Apocolypse/ProtocolApocolypse 4.23/Saved/Config/Windows/Scalability.ini]
[2019.12.09-04.15.41:339][  0]LogConfig: Setting CVar [[r.Streaming.MipBias:0]]
[2019.12.09-04.15.41:339][  0]LogConfig: Setting CVar [[r.Streaming.AmortizeCPUToGPUCopy:0]]
[2019.12.09-04.15.41:339][  0]LogConfig: Setting CVar [[r.Streaming.MaxNumTexturesToStreamPerFrame:0]]
[2019.12.09-04.15.41:339][  0]LogConfig: Setting CVar [[r.Streaming.Boost:1]]
[2019.12.09-04.15.41:339][  0]LogConfig: Setting CVar [[r.MaxAnisotropy:8]]
[2019.12.09-04.15.41:339][  0]LogConfig: Setting CVar [[r.Streaming.LimitPoolSizeToVRAM:0]]
[2019.12.09-04.15.41:339][  0]LogConfig: Setting CVar [[r.Streaming.PoolSize:1000]]
[2019.12.09-04.15.41:339][  0]LogConfig: Setting CVar [[r.Streaming.MaxEffectiveScreenSize:0]]
[2019.12.09-04.15.41:339][  0]LogConfig: Applying CVar settings from Section [EffectsQuality@3] File [G:/My games/PA server/Protocol-Apocolypse/ProtocolApocolypse 4.23/Saved/Config/Windows/Scalability.ini]
[2019.12.09-04.15.41:339][  0]LogConfig: Setting CVar [[r.TranslucencyLightingVolumeDim:64]]
[2019.12.09-04.15.41:339][  0]LogConfig: Setting CVar [[r.RefractionQuality:2]]
[2019.12.09-04.15.41:339][  0]LogConfig: Setting CVar [[r.SSR.Quality:3]]
[2019.12.09-04.15.41:339][  0]LogConfig: Setting CVar [[r.SceneColorFormat:4]]
[2019.12.09-04.15.41:339][  0]LogConfig: Setting CVar [[r.DetailMode:2]]
[2019.12.09-04.15.41:339][  0]LogConfig: Setting CVar [[r.TranslucencyVolumeBlur:1]]
[2019.12.09-04.15.41:339][  0]LogConfig: Setting CVar [[r.MaterialQualityLevel:1 ; High quality]]
[2019.12.09-04.15.41:339][  0]LogConfig: Setting CVar [[r.SSS.Scale:1]]
[2019.12.09-04.15.41:339][  0]LogConfig: Setting CVar [[r.SSS.SampleSet:2]]
[2019.12.09-04.15.41:339][  0]LogConfig: Setting CVar [[r.SSS.Quality:1]]
[2019.12.09-04.15.41:339][  0]LogConfig: Setting CVar [[r.SSS.HalfRes:1]]
[2019.12.09-04.15.41:339][  0]LogConfig: Setting CVar [[r.EmitterSpawnRateScale:1.0]]
[2019.12.09-04.15.41:339][  0]LogConfig: Setting CVar [[r.ParticleLightQuality:2]]
[2019.12.09-04.15.41:339][  0]LogConfig: Applying CVar settings from Section [FoliageQuality@3] File [G:/My games/PA server/Protocol-Apocolypse/ProtocolApocolypse 4.23/Saved/Config/Windows/Scalability.ini]
[2019.12.09-04.15.41:339][  0]LogConfig: Setting CVar [[foliage.DensityScale:1.0]]
[2019.12.09-04.15.41:339][  0]LogConfig: Setting CVar [[grass.DensityScale:1.0]]
[2019.12.09-04.15.41:339][  0]LogConfig: Applying CVar settings from Section [Startup] File [../../../Engine/Config/ConsoleVariables.ini]
[2019.12.09-04.15.41:340][  0]LogConfig: Setting CVar [[net.UseAdaptiveNetUpdateFrequency:0]]
[2019.12.09-04.15.41:340][  0]LogConfig: Setting CVar [[p.chaos.AllowCreatePhysxBodies:1]]
[2019.12.09-04.15.41:340][  0]LogConfig: Applying CVar settings from Section [ConsoleVariables] File [G:/My games/PA server/Protocol-Apocolypse/ProtocolApocolypse 4.23/Saved/Config/Windows/Engine.ini]
[2019.12.09-04.15.41:340][  0]LogInit: Computer: SASHA
[2019.12.09-04.15.41:340][  0]LogInit: User: ilhan
[2019.12.09-04.15.41:340][  0]LogInit: CPU Page size=4096, Cores=4
[2019.12.09-04.15.41:340][  0]LogInit: High frequency timer resolution =10.000000 MHz
[2019.12.09-04.15.41:340][  0]LogMemory: Memory total: Physical=15.9GB (16GB approx)
[2019.12.09-04.15.41:340][  0]LogMemory: Platform Memory Stats for Windows
[2019.12.09-04.15.41:340][  0]LogMemory: Process Physical Memory: 100.66 MB used, 100.66 MB peak
[2019.12.09-04.15.41:340][  0]LogMemory: Process Virtual Memory: 88.63 MB used, 88.63 MB peak
[2019.12.09-04.15.41:340][  0]LogMemory: Physical Memory: 6748.75 MB used,  9575.50 MB free, 16324.25 MB total
[2019.12.09-04.15.41:340][  0]LogMemory: Virtual Memory: 4642.19 MB used,  134213088.00 MB free, 134217728.00 MB total
[2019.12.09-04.15.41:345][  0]LogWindows: WindowsPlatformFeatures enabled
[2019.12.09-04.15.41:372][  0]LogInit: Using OS detected language (en-US).
[2019.12.09-04.15.41:372][  0]LogInit: Using OS detected locale (en-SG).
[2019.12.09-04.15.41:374][  0]LogTextLocalizationManager: No specific localization for 'en-US' exists, so the 'en' localization will be used.
[2019.12.09-04.15.41:625][  0]LogSlate: New Slate User Created.  User Index 0, Is Virtual User: 0
[2019.12.09-04.15.41:625][  0]LogSlate: Slate User Registered.  User Index 0, Is Virtual User: 0
[2019.12.09-04.15.41:855][  0]LogHMD: Failed to initialize OpenVR with code 110
[2019.12.09-04.15.41:855][  0]LogD3D11RHI: D3D11 adapters:
[2019.12.09-04.15.41:925][  0]LogD3D11RHI:    0. 'NVIDIA GeForce GTX 1070' (Feature Level 11_0)
[2019.12.09-04.15.41:925][  0]LogD3D11RHI:       8088/0/8162 MB DedicatedVideo/DedicatedSystem/SharedSystem, Outputs:1, VendorId:0x10de
[2019.12.09-04.15.41:928][  0]LogD3D11RHI:    1. 'Microsoft Basic Render Driver' (Feature Level 11_0)
[2019.12.09-04.15.41:928][  0]LogD3D11RHI:       0/0/8162 MB DedicatedVideo/DedicatedSystem/SharedSystem, Outputs:0, VendorId:0x1414
[2019.12.09-04.15.41:928][  0]LogD3D11RHI: Chosen D3D11 Adapter: 0
[2019.12.09-04.15.41:935][  0]LogD3D11RHI: Creating new Direct3DDevice
[2019.12.09-04.15.41:935][  0]LogD3D11RHI:     GPU DeviceId: 0x1b81 (for the marketing name, search the web for "GPU Device Id")
[2019.12.09-04.15.41:936][  0]LogWindows: EnumDisplayDevices:
[2019.12.09-04.15.41:936][  0]LogWindows:    0. 'NVIDIA GeForce GTX 1070' (P:1 D:1)
[2019.12.09-04.15.41:936][  0]LogWindows:    1. 'NVIDIA GeForce GTX 1070' (P:0 D:0)
[2019.12.09-04.15.41:937][  0]LogWindows:    2. 'NVIDIA GeForce GTX 1070' (P:0 D:0)
[2019.12.09-04.15.41:937][  0]LogWindows:    3. 'NVIDIA GeForce GTX 1070' (P:0 D:0)
[2019.12.09-04.15.41:937][  0]LogWindows: DebugString: FoundDriverCount:4 
[2019.12.09-04.15.41:937][  0]LogD3D11RHI:     Adapter Name: NVIDIA GeForce GTX 1070
[2019.12.09-04.15.41:937][  0]LogD3D11RHI:   Driver Version: 436.15 (internal:26.21.14.3615, unified:436.15)
[2019.12.09-04.15.41:937][  0]LogD3D11RHI:      Driver Date: 8-24-2019
[2019.12.09-04.15.41:937][  0]LogRHI: Texture pool is 5661 MB (70% of 8088 MB)
[2019.12.09-04.15.41:976][  0]LogD3D11RHI: Async texture creation enabled
[2019.12.09-04.15.41:995][  0]LogD3D11RHI: GPU Timing Frequency: 1000.000000 (Debug: 2 1)
[2019.12.09-04.15.42:396][  0]LogTemp: Display: Module 'AllDesktopTargetPlatform' loaded TargetPlatform 'AllDesktop'
[2019.12.09-04.15.42:404][  0]LogTemp: Display: Module 'MacClientTargetPlatform' loaded TargetPlatform 'MacClient'
[2019.12.09-04.15.42:412][  0]LogTemp: Display: Module 'MacNoEditorTargetPlatform' loaded TargetPlatform 'MacNoEditor'
[2019.12.09-04.15.42:419][  0]LogTemp: Display: Module 'MacServerTargetPlatform' loaded TargetPlatform 'MacServer'
[2019.12.09-04.15.42:427][  0]LogTemp: Display: Module 'MacTargetPlatform' loaded TargetPlatform 'Mac'
[2019.12.09-04.15.42:438][  0]LogTemp: Display: Module 'WindowsClientTargetPlatform' loaded TargetPlatform 'WindowsClient'
[2019.12.09-04.15.42:445][  0]LogTemp: Display: Module 'WindowsNoEditorTargetPlatform' loaded TargetPlatform 'WindowsNoEditor'
[2019.12.09-04.15.42:455][  0]LogTemp: Display: Module 'WindowsServerTargetPlatform' loaded TargetPlatform 'WindowsServer'
[2019.12.09-04.15.42:460][  0]LogTemp: Display: Module 'WindowsTargetPlatform' loaded TargetPlatform 'Windows'
[2019.12.09-04.15.42:488][  0]LogTemp: Display: Module 'AndroidTargetPlatform' loaded TargetPlatform 'Android'
[2019.12.09-04.15.42:488][  0]LogTemp: Display: Module 'AndroidTargetPlatform' loaded TargetPlatform 'Android_ASTC'
[2019.12.09-04.15.42:488][  0]LogTemp: Display: Module 'AndroidTargetPlatform' loaded TargetPlatform 'Android_ATC'
[2019.12.09-04.15.42:488][  0]LogTemp: Display: Module 'AndroidTargetPlatform' loaded TargetPlatform 'Android_DXT'
[2019.12.09-04.15.42:488][  0]LogTemp: Display: Module 'AndroidTargetPlatform' loaded TargetPlatform 'Android_ETC1'
[2019.12.09-04.15.42:488][  0]LogTemp: Display: Module 'AndroidTargetPlatform' loaded TargetPlatform 'Android_ETC1a'
[2019.12.09-04.15.42:488][  0]LogTemp: Display: Module 'AndroidTargetPlatform' loaded TargetPlatform 'Android_ETC2'
[2019.12.09-04.15.42:488][  0]LogTemp: Display: Module 'AndroidTargetPlatform' loaded TargetPlatform 'Android_PVRTC'
[2019.12.09-04.15.42:488][  0]LogTemp: Display: Module 'AndroidTargetPlatform' loaded TargetPlatform 'AndroidClient'
[2019.12.09-04.15.42:488][  0]LogTemp: Display: Module 'AndroidTargetPlatform' loaded TargetPlatform 'Android_ASTCClient'
[2019.12.09-04.15.42:488][  0]LogTemp: Display: Module 'AndroidTargetPlatform' loaded TargetPlatform 'Android_ATCClient'
[2019.12.09-04.15.42:488][  0]LogTemp: Display: Module 'AndroidTargetPlatform' loaded TargetPlatform 'Android_DXTClient'
[2019.12.09-04.15.42:488][  0]LogTemp: Display: Module 'AndroidTargetPlatform' loaded TargetPlatform 'Android_ETC1Client'
[2019.12.09-04.15.42:488][  0]LogTemp: Display: Module 'AndroidTargetPlatform' loaded TargetPlatform 'Android_ETC1aClient'
[2019.12.09-04.15.42:488][  0]LogTemp: Display: Module 'AndroidTargetPlatform' loaded TargetPlatform 'Android_ETC2Client'
[2019.12.09-04.15.42:488][  0]LogTemp: Display: Module 'AndroidTargetPlatform' loaded TargetPlatform 'Android_PVRTCClient'
[2019.12.09-04.15.42:488][  0]LogTemp: Display: Module 'AndroidTargetPlatform' loaded TargetPlatform 'Android_Multi'
[2019.12.09-04.15.42:488][  0]LogTemp: Display: Module 'AndroidTargetPlatform' loaded TargetPlatform 'Android_MultiClient'
[2019.12.09-04.15.42:490][  0]LogTemp: Display: Module 'HTML5TargetPlatform' loaded TargetPlatform 'HTML5'
[2019.12.09-04.15.42:505][  0]LogTemp: Display: Module 'IOSTargetPlatform' loaded TargetPlatform 'IOSClient'
[2019.12.09-04.15.42:505][  0]LogTemp: Display: Module 'IOSTargetPlatform' loaded TargetPlatform 'IOS'
[2019.12.09-04.15.42:518][  0]LogTemp: Display: Module 'TVOSTargetPlatform' loaded TargetPlatform 'TVOSClient'
[2019.12.09-04.15.42:518][  0]LogTemp: Display: Module 'TVOSTargetPlatform' loaded TargetPlatform 'TVOS'
[2019.12.09-04.15.42:525][  0]LogTemp: Display: Module 'LinuxClientTargetPlatform' loaded TargetPlatform 'LinuxClient'
[2019.12.09-04.15.42:532][  0]LogTemp: Display: Module 'LinuxNoEditorTargetPlatform' loaded TargetPlatform 'LinuxNoEditor'
[2019.12.09-04.15.42:539][  0]LogTemp: Display: Module 'LinuxServerTargetPlatform' loaded TargetPlatform 'LinuxServer'
[2019.12.09-04.15.42:546][  0]LogTemp: Display: Module 'LinuxTargetPlatform' loaded TargetPlatform 'Linux'
[2019.12.09-04.15.42:566][  0]LogTemp: Display: Module 'LuminTargetPlatform' loaded TargetPlatform 'Lumin'
[2019.12.09-04.15.42:566][  0]LogTemp: Display: Module 'LuminTargetPlatform' loaded TargetPlatform 'LuminClient'
[2019.12.09-04.15.42:566][  0]LogTargetPlatformManager: Display: Building Assets For Windows
[2019.12.09-04.15.42:575][  0]LogAudioDebug: Display: Lib vorbis DLL was dynamically loaded.
[2019.12.09-04.15.42:623][  0]LogShaderCompilers: Guid format shader working directory is -20 characters bigger than the processId version (G:/My games/PA server/Protocol-Apocolypse/ProtocolApocolypse 4.23/Intermediate/Shaders/WorkingDirectory/10304/).
[2019.12.09-04.15.42:624][  0]LogShaderCompilers: Cleaned the shader compiler working directory 'C:/Users/ilhan/AppData/Local/Temp/UnrealShaderWorkingDir/DF41D7964274D552BBAC2AA0F0D8DD53/'.
[2019.12.09-04.15.42:626][  0]LogXGEController: Cannot use XGE Controller as Incredibuild is not installed on this machine.
[2019.12.09-04.15.42:626][  0]LogShaderCompilers: Cannot use XGE Shader Compiler as Incredibuild is not installed on this machine.
[2019.12.09-04.15.42:626][  0]LogShaderCompilers: Display: Using Local Shader Compiler.
[2019.12.09-04.15.43:236][  0]LogDerivedDataCache: Display: Max Cache Size: 512 MB
[2019.12.09-04.15.43:282][  0]LogDerivedDataCache: Loaded boot cache 0.05s 73MB C:/Users/ilhan/AppData/Local/UnrealEngine/4.23/DerivedDataCache/Boot.ddc.
[2019.12.09-04.15.43:282][  0]LogDerivedDataCache: Display: Loaded Boot cache: C:/Users/ilhan/AppData/Local/UnrealEngine/4.23/DerivedDataCache/Boot.ddc
[2019.12.09-04.15.43:283][  0]LogDerivedDataCache: FDerivedDataBackendGraph:  Pak pak cache file G:/My games/PA server/Protocol-Apocolypse/ProtocolApocolypse 4.23/DerivedDataCache/DDC.ddp not found, will not use a pak cache.
[2019.12.09-04.15.43:283][  0]LogDerivedDataCache: Unable to find inner node Pak for hierarchical cache Hierarchy.
[2019.12.09-04.15.43:283][  0]LogDerivedDataCache: FDerivedDataBackendGraph:  CompressedPak pak cache file G:/My games/PA server/Protocol-Apocolypse/ProtocolApocolypse 4.23/DerivedDataCache/Compressed.ddp not found, will not use a pak cache.
[2019.12.09-04.15.43:283][  0]LogDerivedDataCache: Unable to find inner node CompressedPak for hierarchical cache Hierarchy.
[2019.12.09-04.15.43:293][  0]LogDerivedDataCache: Display: Pak cache opened for reading ../../../Engine/DerivedDataCache/Compressed.ddp.
[2019.12.09-04.15.43:293][  0]LogDerivedDataCache: FDerivedDataBackendGraph:  EnterprisePak pak cache file ../../../Enterprise/DerivedDataCache/Compressed.ddp not found, will not use a pak cache.
[2019.12.09-04.15.43:293][  0]LogDerivedDataCache: Unable to find inner node EnterprisePak for hierarchical cache Hierarchy.
[2019.12.09-04.15.43:295][  0]LogDerivedDataCache: Using Local data cache path C:/Users/ilhan/AppData/Local/UnrealEngine/Common/DerivedDataCache: Writable
[2019.12.09-04.15.43:295][  0]LogDerivedDataCache: Shared data cache path not found in *engine.ini, will not use an Shared cache.
[2019.12.09-04.15.43:295][  0]LogDerivedDataCache: Unable to find inner node Shared for hierarchical cache Hierarchy.
[2019.12.09-04.15.43:312][  0]LogMaterial: Verifying Global Shaders for PCD3D_SM5
[2019.12.09-04.15.43:315][  0]LogSlate: Using FreeType 2.6.0
[2019.12.09-04.15.43:316][  0]LogSlate: SlateFontServices - WITH_FREETYPE: 1, WITH_HARFBUZZ: 1
[2019.12.09-04.15.43:378][  0]LogAssetRegistry: FAssetRegistry took 0.0022 seconds to start up
[2019.12.09-04.15.43:633][  0]LogInit: Selected Device Profile: [Windows]
[2019.12.09-04.15.43:785][  0]LogMeshReduction: Using QuadricMeshReduction for automatic static mesh reduction
[2019.12.09-04.15.43:785][  0]LogMeshReduction: Using SimplygonMeshReduction for automatic skeletal mesh reduction
[2019.12.09-04.15.43:785][  0]LogMeshReduction: Using ProxyLODMeshReduction for automatic mesh merging
[2019.12.09-04.15.43:785][  0]LogMeshReduction: No distributed automatic mesh merging module available
[2019.12.09-04.15.43:785][  0]LogMeshMerging: No distributed automatic mesh merging module available
[2019.12.09-04.15.43:794][  0]LogNetVersion: ProtocolApocolypse 1.0.0, NetCL: 8386587, EngineNetVer: 11, GameNetVer: 0 (Checksum: 2542868252)
[2019.12.09-04.15.44:238][  0]LogPackageLocalizationCache: Processed 12 localized package path(s) for 1 prioritized culture(s) in 0.082022 seconds
[2019.12.09-04.15.44:246][  0]LogUObjectArray: 43444 objects as part of root set at end of initial load.
[2019.12.09-04.15.44:247][  0]LogUObjectAllocator: 7548648 out of 0 bytes used by permanent object pool.
[2019.12.09-04.15.44:247][  0]LogUObjectArray: CloseDisregardForGC: 0/0 objects in disregard for GC pool
[2019.12.09-04.15.45:237][  0]LogTcpMessaging: Initializing TcpMessaging bridge
[2019.12.09-04.15.45:240][  0]LogUdpMessaging: Initializing bridge on interface 0.0.0.0:0 to multicast group 230.0.0.1:6666.
[2019.12.09-04.15.45:298][  0]SourceControl: Source control is disabled
[2019.12.09-04.15.47:117][  0]LogAndroidPermission: UAndroidPermissionCallbackProxy::GetInstance
[2019.12.09-04.15.47:284][  0]LogOcInput: OculusInput pre-init called
[2019.12.09-04.15.47:290][  0]LogWindows: Failed to load 'OVRPlugin.dll' (GetLastError=126)
[2019.12.09-04.15.47:290][  0]LogWindows: File 'OVRPlugin.dll' does not exist
[2019.12.09-04.15.47:363][  0]LogEngine: Initializing Engine...
[2019.12.09-04.15.47:364][  0]LogHMD: Failed to initialize OpenVR with code 110
[2019.12.09-04.15.47:365][  0]LogStats: UGameplayTagsManager::InitializeManager -  0.000 s
[2019.12.09-04.15.47:568][  0]LogInit: Initializing FReadOnlyCVARCache
[2019.12.09-04.15.47:585][  0]LogAIModule: Creating AISystem for world Untitled
[2019.12.09-04.15.47:613][  0]LogInit: XAudio2 using 'VoiceMeeter Input (VB-Audio VoiceMeeter VAIO)' : 2 channels at 48 kHz using 16 bits per sample (channel mask 0x3)
[2019.12.09-04.15.47:640][  0]LogInit: FAudioDevice initialized.
[2019.12.09-04.15.47:640][  0]LogNetVersion: Set ProjectVersion to 1.0.0.0. Version Checksum will be recalculated on next use.
[2019.12.09-04.15.47:790][  0]LogDerivedDataCache: Saved boot cache 0.15s 73MB C:/Users/ilhan/AppData/Local/UnrealEngine/4.23/DerivedDataCache/Boot.ddc.
[2019.12.09-04.15.47:795][  0]LogInit: Texture streaming: Enabled
[2019.12.09-04.15.47:819][  0]LogEngineSessionManager: EngineSessionManager initialized
[2019.12.09-04.15.47:819][  0]LogEditorSessionSummary: Verbose: Initializing EditorSessionSummaryWriter for editor session tracking
[2019.12.09-04.15.47:826][  0]LogEditorSessionSummary: EditorSessionSummaryWriter initialized
[2019.12.09-04.15.47:902][  0]LogInit: Transaction tracking system initialized
[2019.12.09-04.15.47:933][  0]BlueprintLog: New page: Editor Load
[2019.12.09-04.15.48:012][  0]LocalizationService: Localization service is disabled
[2019.12.09-04.15.48:238][  0]LogFileCache: Scanning file cache for directory 'G:/My games/PA server/Protocol-Apocolypse/ProtocolApocolypse 4.23/Content/' took 0.01s
[2019.12.09-04.15.48:238][  0]LogCook: Display: Max memory allowance for cook 16384mb min free memory 0mb
[2019.12.09-04.15.48:238][  0]LogCook: Display: Mobile HDR setting 1
[2019.12.09-04.15.48:412][  0]Cmd: MAP LOAD FILE="G:/My games/PA server/Protocol-Apocolypse/ProtocolApocolypse 4.23/Content/ThirdPersonBP/Maps/stronghold.umap" TEMPLATE=0 SHOWPROGRESS=1 FEATURELEVEL=3
[2019.12.09-04.15.48:492][  0]LightingResults: New page: Lighting Build
[2019.12.09-04.15.48:494][  0]LogWorld: UWorld::CleanupWorld for Untitled, bSessionEnded=true, bCleanupResources=true
[2019.12.09-04.15.48:494][  0]MapCheck: New page: Map Check
[2019.12.09-04.15.48:494][  0]LightingResults: New page: Lighting Build
[2019.12.09-04.15.48:519][  0]LogUObjectHash: Compacting FUObjectHashTables data took   1.47ms
[2019.12.09-04.15.50:314][  0]LogAIModule: Creating AISystem for world stronghold
[2019.12.09-04.15.50:321][  0]LogEditorServer: Finished looking for orphan Actors (0.000 secs)
[2019.12.09-04.15.50:347][  0]LogUObjectHash: Compacting FUObjectHashTables data took   2.49ms
[2019.12.09-04.15.50:347][  0]Cmd: MAP CHECKDEP NOCLEARLOG
[2019.12.09-04.15.50:347][  0]MapCheck: Map check complete: 0 Error(s), 0 Warning(s), took 0.074ms to complete.
[2019.12.09-04.15.50:347][  0]LogFileHelpers: Loading map 'stronghold' took 1.935
[2019.12.09-04.15.50:535][  0]LogSlate: Updating window title bar state: overlay mode, drag disabled, window buttons hidden, title bar hidden
[2019.12.09-04.15.50:541][  0]LogSlate: Updating window title bar state: overlay mode, drag disabled, window buttons hidden, title bar hidden
[2019.12.09-04.15.50:547][  0]LogSlate: Updating window title bar state: overlay mode, drag disabled, window buttons hidden, title bar hidden
[2019.12.09-04.15.50:557][  0]LogSlate: Updating window title bar state: overlay mode, drag disabled, window buttons hidden, title bar hidden
[2019.12.09-04.15.50:569][  0]LogCollectionManager: Loaded 0 collections in 0.002251 seconds
[2019.12.09-04.15.50:575][  0]LogFileCache: Scanning file cache for directory 'G:/My games/PA server/Protocol-Apocolypse/ProtocolApocolypse 4.23/Saved/Collections/' took 0.00s
[2019.12.09-04.15.50:575][  0]LogFileCache: Scanning file cache for directory 'G:/My games/PA server/Protocol-Apocolypse/ProtocolApocolypse 4.23/Content/Developers/ilhan/Collections/' took 0.00s
[2019.12.09-04.15.50:575][  0]LogFileCache: Scanning file cache for directory 'G:/My games/PA server/Protocol-Apocolypse/ProtocolApocolypse 4.23/Content/Collections/' took 0.00s
[2019.12.09-04.15.50:575][  0]LogCollectionManager: Rebuilt the GUID cache for 0 collections in 0.000001 seconds
[2019.12.09-04.15.50:583][  0]LogContentBrowser: Native class hierarchy populated in 0.0077 seconds. Added 2863 classes and 680 folders.
[2019.12.09-04.15.50:591][  0]LogContentBrowser: Native class hierarchy updated for 'WidgetCarousel' in 0.0003 seconds. Added 0 classes and 0 folders.
[2019.12.09-04.15.51:581][  0]LogContentBrowser: Native class hierarchy updated for 'AddContentDialog' in 0.0002 seconds. Added 0 classes and 0 folders.
[2019.12.09-04.15.51:615][  0]LogContentBrowser: Native class hierarchy updated for 'SceneOutliner' in 0.0002 seconds. Added 1 classes and 2 folders.
[2019.12.09-04.15.51:704][  0]LogSlate: Took 0.000173 seconds to synchronously load lazily loaded font '../../../Engine/Content/Slate/Fonts/Roboto-Regular.ttf' (155K)
[2019.12.09-04.15.52:116][  0]LogSlate: Took 0.000297 seconds to synchronously load lazily loaded font '../../../Engine/Content/Slate/Fonts/Roboto-Bold.ttf' (160K)
[2019.12.09-04.15.52:124][  0]LogContentBrowser: Native class hierarchy updated for 'HierarchicalLODOutliner' in 0.0002 seconds. Added 0 classes and 0 folders.
[2019.12.09-04.15.52:125][  0]LogLoad: (Engine Initialization) Total time: 13.02 seconds
[2019.12.09-04.15.52:125][  0]LogLoad: (Engine Initialization) Total Blueprint compile time: 0.00 seconds
[2019.12.09-04.15.52:203][  0]LogContentStreaming: Texture pool size now 1000 MB
[2019.12.09-04.15.52:232][  0]LogSlate: Took 0.023043 seconds to synchronously load lazily loaded font '../../../Engine/Content/Editor/Slate/Fonts/FontAwesome.ttf' (139K)
[2019.12.09-04.15.52:472][  0]LogRenderer: Reallocating scene render targets to support 800x360 Format 10 NumSamples 1 (Frame:1).
[2019.12.09-04.15.52:472][  0]LogSlate: Took 0.020917 seconds to synchronously load lazily loaded font '../../../Engine/Content/Slate/Fonts/Roboto-Light.ttf' (167K)
[2019.12.09-04.15.52:761][  4]LogAssetRegistry: Asset discovery search completed in 9.3837 seconds
[2019.12.09-04.15.52:764][  4]LogCollectionManager: Rebuilt the object cache for 0 collections in 0.000004 seconds (found 0 objects)
[2019.12.09-04.15.52:764][  4]LogCollectionManager: Fixed up redirectors for 0 collections in 0.000052 seconds (updated 0 objects)
[2019.12.09-04.15.54:456][201]LogSlate: FSceneViewport::OnFocusLost() reason 0
[2019.12.09-04.15.56:842][487]LogSlate: FSceneViewport::OnFocusLost() reason 0
[2019.12.09-04.15.56:974][501]LogRenderer: Reallocating scene render targets to support 964x460 Format 10 NumSamples 1 (Frame:415).
[2019.12.09-04.16.02:030][103]LogSlate: Took 0.000250 seconds to synchronously load lazily loaded font '../../../Engine/Content/Slate/Fonts/Roboto-Light.ttf' (167K)
[2019.12.09-04.16.02:044][103]LogAIModule: Creating AISystem for world loadout_map
[2019.12.09-04.16.02:047][103]LogAssetEditorManager: Opening Asset editor for World /Game/ThirdPersonBP/Maps/loadout_map.loadout_map
[2019.12.09-04.16.02:066][103]LogUObjectHash: Compacting FUObjectHashTables data took   0.79ms
[2019.12.09-04.16.02:067][103]Cmd: MAP LOAD FILE="G:/My games/PA server/Protocol-Apocolypse/ProtocolApocolypse 4.23/Content/ThirdPersonBP/Maps/loadout_map.umap" TEMPLATE=0 SHOWPROGRESS=1 FEATURELEVEL=3
[2019.12.09-04.16.02:067][103]LightingResults: New page: Lighting Build
[2019.12.09-04.16.02:068][103]LoadErrors: New page: Loading map: loadout_map.umap
[2019.12.09-04.16.02:068][103]LogWorld: UWorld::CleanupWorld for stronghold, bSessionEnded=true, bCleanupResources=true
[2019.12.09-04.16.02:068][103]MapCheck: New page: Map Check
[2019.12.09-04.16.02:068][103]LightingResults: New page: Lighting Build
[2019.12.09-04.16.02:090][103]LogUObjectHash: Compacting FUObjectHashTables data took   1.46ms
[2019.12.09-04.16.02:091][103]LogEditorServer: Finished looking for orphan Actors (0.000 secs)
[2019.12.09-04.16.02:112][103]LogUObjectHash: Compacting FUObjectHashTables data took   1.13ms
[2019.12.09-04.16.02:154][103]Cmd: MAP CHECKDEP NOCLEARLOG
[2019.12.09-04.16.02:154][103]MapCheck: Map check complete: 0 Error(s), 0 Warning(s), took 0.064ms to complete.
[2019.12.09-04.16.02:154][103]LogFileHelpers: Loading map 'loadout_map' took 0.087
[2019.12.09-04.16.03:931][309]LogTemp: Repeating last play command: Selected Viewport
[2019.12.09-04.16.03:952][309]LogBlueprintUserMessages: Early PlayInEditor Detection: Level '/Game/ThirdPersonBP/Maps/loadout_map.loadout_map:PersistentLevel' has LevelScriptBlueprint '/Game/ThirdPersonBP/Maps/loadout_map.loadout_map:PersistentLevel.loadout_map' with GeneratedClass '/Game/ThirdPersonBP/Maps/loadout_map.loadout_map_C' with ClassGeneratedBy '/Game/ThirdPersonBP/Maps/loadout_map.loadout_map:PersistentLevel.loadout_map'
[2019.12.09-04.16.03:952][309]LogPlayLevel: PlayLevel: No blueprints needed recompiling
[2019.12.09-04.16.03:952][309]PIE: New page: PIE session: loadout_map (9 Dec 2019 8:16:03 pm)
[2019.12.09-04.16.03:953][309]LogOnline: OSS: Creating online subsystem instance for: NULL
[2019.12.09-04.16.03:956][309]LogPlayLevel: Creating play world package: /Game/ThirdPersonBP/Maps/UEDPIE_0_loadout_map
[2019.12.09-04.16.03:957][309]LogPlayLevel: PIE: StaticDuplicateObject took: (0.000836s)
[2019.12.09-04.16.03:958][309]LogAIModule: Creating AISystem for world loadout_map
[2019.12.09-04.16.03:958][309]LogPlayLevel: PIE: World Init took: (0.000695s)
[2019.12.09-04.16.03:958][309]LogPlayLevel: PIE: Created PIE world by copying editor world from /Game/ThirdPersonBP/Maps/loadout_map.loadout_map to /Game/ThirdPersonBP/Maps/UEDPIE_0_loadout_map.loadout_map (0.001673s)
[2019.12.09-04.16.03:979][309]LogUObjectHash: Compacting FUObjectHashTables data took   1.66ms
[2019.12.09-04.16.03:995][309]LogInit: XAudio2 using 'VoiceMeeter Input (VB-Audio VoiceMeeter VAIO)' : 2 channels at 48 kHz using 16 bits per sample (channel mask 0x3)
[2019.12.09-04.16.04:001][309]LogInit: FAudioDevice initialized.
[2019.12.09-04.16.04:127][309]LogLoad: Game class is 'StandardProtocol_C'
[2019.12.09-04.16.04:149][309]LogWorld: Bringing World /Game/ThirdPersonBP/Maps/UEDPIE_0_loadout_map.loadout_map up for play (max tick rate 0) at 2019.12.09-12.16.04
[2019.12.09-04.16.04:150][309]LogWorld: Bringing up level for play took: 0.000523
[2019.12.09-04.16.04:150][309]LogOnline: OSS: Creating online subsystem instance for: :Context_1
[2019.12.09-04.16.04:156][309]LogContentBrowser: Native class hierarchy updated for 'MovieSceneCapture' in 0.0003 seconds. Added 20 classes and 0 folders.
[2019.12.09-04.16.04:160][309]PIE: Play in editor start time for /Game/ThirdPersonBP/Maps/UEDPIE_0_loadout_map 0.978
[2019.12.09-04.16.04:160][309]LogBlueprintUserMessages: Late PlayInEditor Detection: Level '/Game/ThirdPersonBP/Maps/loadout_map.loadout_map:PersistentLevel' has LevelScriptBlueprint '/Game/ThirdPersonBP/Maps/loadout_map.loadout_map:PersistentLevel.loadout_map' with GeneratedClass '/Game/ThirdPersonBP/Maps/loadout_map.loadout_map_C' with ClassGeneratedBy '/Game/ThirdPersonBP/Maps/loadout_map.loadout_map:PersistentLevel.loadout_map'
[2019.12.09-04.16.05:322][445]LogSlate: FSceneViewport::OnFocusLost() reason 0
[2019.12.09-04.16.06:349][568]LogNet: Browse: /Game/ThirdPersonBP/Maps/stronghold
[2019.12.09-04.16.06:349][568]LogLoad: LoadMap: /Game/ThirdPersonBP/Maps/stronghold
[2019.12.09-04.16.06:349][568]LogWorld: BeginTearingDown for /Game/ThirdPersonBP/Maps/UEDPIE_0_loadout_map
[2019.12.09-04.16.06:349][568]LogWorld: UWorld::CleanupWorld for loadout_map, bSessionEnded=true, bCleanupResources=true
[2019.12.09-04.16.06:370][568]LogUObjectHash: Compacting FUObjectHashTables data took   1.80ms
[2019.12.09-04.16.06:384][568]LogAIModule: Creating AISystem for world stronghold
[2019.12.09-04.16.06:385][568]LogLoad: Game class is 'StandardProtocol_C'
[2019.12.09-04.16.06:393][568]LogWorld: Bringing World /Game/ThirdPersonBP/Maps/UEDPIE_0_stronghold.stronghold up for play (max tick rate 0) at 2019.12.09-12.16.06
[2019.12.09-04.16.06:393][568]LogWorld: Bringing up level for play took: 0.007891
[2019.12.09-04.16.06:398][568]LogLoad: Took 0.050408 seconds to LoadMap(/Game/ThirdPersonBP/Maps/stronghold)
[2019.12.09-04.16.08:126][775]LogSlate: FSceneViewport::OnFocusLost() reason 0
[2019.12.09-04.16.08:218][786]LogBlueprintUserMessages: Early EndPlayMap Detection: Level '/Game/ThirdPersonBP/Maps/loadout_map.loadout_map:PersistentLevel' has LevelScriptBlueprint '/Game/ThirdPersonBP/Maps/loadout_map.loadout_map:PersistentLevel.loadout_map' with GeneratedClass '/Game/ThirdPersonBP/Maps/loadout_map.loadout_map_C' with ClassGeneratedBy '/Game/ThirdPersonBP/Maps/loadout_map.loadout_map:PersistentLevel.loadout_map'
[2019.12.09-04.16.08:219][786]LogSlate: Updating window title bar state: overlay mode, drag disabled, window buttons hidden, title bar hidden
[2019.12.09-04.16.08:219][786]LogWorld: BeginTearingDown for /Game/ThirdPersonBP/Maps/UEDPIE_0_stronghold
[2019.12.09-04.16.08:219][786]LogWorld: UWorld::CleanupWorld for stronghold, bSessionEnded=true, bCleanupResources=true
[2019.12.09-04.16.08:226][786]LogPlayLevel: Display: Shutting down PIE online subsystems
[2019.12.09-04.16.08:226][786]LogBlueprintUserMessages: Late EndPlayMap Detection: Level '/Game/ThirdPersonBP/Maps/loadout_map.loadout_map:PersistentLevel' has LevelScriptBlueprint '/Game/ThirdPersonBP/Maps/loadout_map.loadout_map:PersistentLevel.loadout_map' with GeneratedClass '/Game/ThirdPersonBP/Maps/loadout_map.loadout_map_C' with ClassGeneratedBy '/Game/ThirdPersonBP/Maps/loadout_map.loadout_map:PersistentLevel.loadout_map'
[2019.12.09-04.16.08:250][786]LogSlate: Updating window title bar state: overlay mode, drag disabled, window buttons hidden, title bar hidden
[2019.12.09-04.16.08:252][786]LogUObjectHash: Compacting FUObjectHashTables data took   1.41ms
[2019.12.09-04.16.08:318][794]LogPlayLevel: Display: Destroying online subsystem :Context_1
[2019.12.09-04.16.11:043][118]LogAIModule: Creating AISystem for world stronghold
[2019.12.09-04.16.11:055][118]LogAssetEditorManager: Opening Asset editor for World /Game/ThirdPersonBP/Maps/stronghold.stronghold
[2019.12.09-04.16.11:074][118]LogUObjectHash: Compacting FUObjectHashTables data took   1.40ms
[2019.12.09-04.16.11:074][118]Cmd: MAP LOAD FILE="G:/My games/PA server/Protocol-Apocolypse/ProtocolApocolypse 4.23/Content/ThirdPersonBP/Maps/stronghold.umap" TEMPLATE=0 SHOWPROGRESS=1 FEATURELEVEL=3
[2019.12.09-04.16.11:075][118]LightingResults: New page: Lighting Build
[2019.12.09-04.16.11:075][118]LoadErrors: New page: Loading map: stronghold.umap
[2019.12.09-04.16.11:075][118]LogWorld: UWorld::CleanupWorld for loadout_map, bSessionEnded=true, bCleanupResources=true
[2019.12.09-04.16.11:075][118]MapCheck: New page: Map Check
[2019.12.09-04.16.11:075][118]LightingResults: New page: Lighting Build
[2019.12.09-04.16.11:096][118]LogUObjectHash: Compacting FUObjectHashTables data took   1.60ms
[2019.12.09-04.16.11:100][118]LogEditorServer: Finished looking for orphan Actors (0.000 secs)
[2019.12.09-04.16.11:121][118]LogUObjectHash: Compacting FUObjectHashTables data took   1.47ms
[2019.12.09-04.16.11:162][118]Cmd: MAP CHECKDEP NOCLEARLOG
[2019.12.09-04.16.11:162][118]MapCheck: Map check complete: 0 Error(s), 0 Warning(s), took 0.098ms to complete.
[2019.12.09-04.16.11:162][118]LogFileHelpers: Loading map 'stronghold' took 0.088
[2019.12.09-04.16.12:343][253]LogTemp: Repeating last play command: Selected Viewport
[2019.12.09-04.16.12:362][253]LogBlueprintUserMessages: Early PlayInEditor Detection: Level '/Game/ThirdPersonBP/Maps/stronghold.stronghold:PersistentLevel' has LevelScriptBlueprint '/Game/ThirdPersonBP/Maps/stronghold.stronghold:PersistentLevel.stronghold' with GeneratedClass '/Game/ThirdPersonBP/Maps/stronghold.stronghold_C' with ClassGeneratedBy '/Game/ThirdPersonBP/Maps/stronghold.stronghold:PersistentLevel.stronghold'
[2019.12.09-04.16.12:363][253]LogPlayLevel: PlayLevel: No blueprints needed recompiling
[2019.12.09-04.16.12:363][253]PIE: New page: PIE session: stronghold (9 Dec 2019 8:16:12 pm)
[2019.12.09-04.16.12:363][253]LogPlayLevel: Creating play world package: /Game/ThirdPersonBP/Maps/UEDPIE_0_stronghold
[2019.12.09-04.16.12:376][253]LogPlayLevel: PIE: StaticDuplicateObject took: (0.012475s)
[2019.12.09-04.16.12:377][253]LogAIModule: Creating AISystem for world stronghold
[2019.12.09-04.16.12:377][253]LogPlayLevel: PIE: World Init took: (0.001128s)
[2019.12.09-04.16.12:377][253]LogPlayLevel: PIE: Created PIE world by copying editor world from /Game/ThirdPersonBP/Maps/stronghold.stronghold to /Game/ThirdPersonBP/Maps/UEDPIE_0_stronghold.stronghold (0.013856s)
[2019.12.09-04.16.12:398][253]LogUObjectHash: Compacting FUObjectHashTables data took   1.31ms
[2019.12.09-04.16.12:413][253]LogInit: XAudio2 using 'VoiceMeeter Input (VB-Audio VoiceMeeter VAIO)' : 2 channels at 48 kHz using 16 bits per sample (channel mask 0x3)
[2019.12.09-04.16.12:419][253]LogInit: FAudioDevice initialized.
[2019.12.09-04.16.12:425][253]LogLoad: Game class is 'StandardProtocol_C'
[2019.12.09-04.16.12:426][253]LogWorld: Bringing World /Game/ThirdPersonBP/Maps/UEDPIE_0_stronghold.stronghold up for play (max tick rate 0) at 2019.12.09-12.16.12
[2019.12.09-04.16.12:426][253]LogWorld: Bringing up level for play took: 0.000739
[2019.12.09-04.16.12:426][253]LogOnline: OSS: Creating online subsystem instance for: :Context_2
[2019.12.09-04.16.12:432][253]PIE: Play in editor start time for /Game/ThirdPersonBP/Maps/UEDPIE_0_stronghold -0.749
[2019.12.09-04.16.12:433][253]LogBlueprintUserMessages: Late PlayInEditor Detection: Level '/Game/ThirdPersonBP/Maps/stronghold.stronghold:PersistentLevel' has LevelScriptBlueprint '/Game/ThirdPersonBP/Maps/stronghold.stronghold:PersistentLevel.stronghold' with GeneratedClass '/Game/ThirdPersonBP/Maps/stronghold.stronghold_C' with ClassGeneratedBy '/Game/ThirdPersonBP/Maps/stronghold.stronghold:PersistentLevel.stronghold'
[2019.12.09-04.16.16:226][706]LogSlate: FSceneViewport::OnFocusLost() reason 0
[2019.12.09-04.16.16:343][720]LogBlueprintUserMessages: Early EndPlayMap Detection: Level '/Game/ThirdPersonBP/Maps/stronghold.stronghold:PersistentLevel' has LevelScriptBlueprint '/Game/ThirdPersonBP/Maps/stronghold.stronghold:PersistentLevel.stronghold' with GeneratedClass '/Game/ThirdPersonBP/Maps/stronghold.stronghold_C' with ClassGeneratedBy '/Game/ThirdPersonBP/Maps/stronghold.stronghold:PersistentLevel.stronghold'
[2019.12.09-04.16.16:344][720]LogSlate: Updating window title bar state: overlay mode, drag disabled, window buttons hidden, title bar hidden
[2019.12.09-04.16.16:344][720]LogWorld: BeginTearingDown for /Game/ThirdPersonBP/Maps/UEDPIE_0_stronghold
[2019.12.09-04.16.16:344][720]LogWorld: UWorld::CleanupWorld for stronghold, bSessionEnded=true, bCleanupResources=true
[2019.12.09-04.16.16:353][720]LogPlayLevel: Display: Shutting down PIE online subsystems
[2019.12.09-04.16.16:354][720]LogBlueprintUserMessages: Late EndPlayMap Detection: Level '/Game/ThirdPersonBP/Maps/stronghold.stronghold:PersistentLevel' has LevelScriptBlueprint '/Game/ThirdPersonBP/Maps/stronghold.stronghold:PersistentLevel.stronghold' with GeneratedClass '/Game/ThirdPersonBP/Maps/stronghold.stronghold_C' with ClassGeneratedBy '/Game/ThirdPersonBP/Maps/stronghold.stronghold:PersistentLevel.stronghold'
[2019.12.09-04.16.16:377][720]LogSlate: Updating window title bar state: overlay mode, drag disabled, window buttons hidden, title bar hidden
[2019.12.09-04.16.16:380][720]LogUObjectHash: Compacting FUObjectHashTables data took   1.29ms
[2019.12.09-04.16.16:446][728]LogPlayLevel: Display: Destroying online subsystem :Context_2
[2019.12.09-04.16.28:171][ 97]LogAssetEditorManager: Opening Asset editor for Blueprint /Game/ThirdPersonBP/Blueprints/units/skycommander.skycommander
[2019.12.09-04.16.28:639][ 97]LogContentBrowser: Native class hierarchy updated for 'BlueprintGraph' in 0.0004 seconds. Added 121 classes and 0 folders.
[2019.12.09-04.16.30:035][ 97]LogSlate: Took 0.012676 seconds to synchronously load lazily loaded font '../../../Engine/Content/Slate/Fonts/Roboto-BoldCondensed.ttf' (158K)
[2019.12.09-04.16.31:327][189]LogSlate: Took 0.004245 seconds to synchronously load lazily loaded font '../../../Engine/Content/Slate/Fonts/Roboto-Italic.ttf' (157K)
[2019.12.09-04.17.23:388][535]LogAssetEditorManager: Opening Asset editor for WidgetBlueprint /Game/ThirdPersonBP/Blueprints/UI/menus/master_menu.master_menu
[2019.12.09-04.17.32:722][154]LogAssetEditorManager: Opening Asset editor for WidgetBlueprint /Game/ThirdPersonBP/Blueprints/UI/menus/Lobby.Lobby
[2019.12.09-04.18.45:599][499]BlueprintLog: New page: Compile Lobby
[2019.12.09-04.18.45:859][499]LogUObjectHash: Compacting FUObjectHashTables data took   4.68ms
[2019.12.09-04.18.46:375][533]LogSavePackage: Moving 'G:/My games/PA server/Protocol-Apocolypse/ProtocolApocolypse 4.23/Saved/Lobby6F8A852E4C66C58C5CEBC295AC0B9F3B.tmp' to 'G:/My games/PA server/Protocol-Apocolypse/ProtocolApocolypse 4.23/Content/ThirdPersonBP/Blueprints/UI/menus/Lobby.uasset'
[2019.12.09-04.18.55:206][577]LogAIModule: Creating AISystem for world loadout_map
[2019.12.09-04.18.55:209][577]LogAssetEditorManager: Opening Asset editor for World /Game/ThirdPersonBP/Maps/loadout_map.loadout_map
[2019.12.09-04.18.55:246][577]LogUObjectHash: Compacting FUObjectHashTables data took   4.10ms
[2019.12.09-04.18.55:247][577]Cmd: MAP LOAD FILE="G:/My games/PA server/Protocol-Apocolypse/ProtocolApocolypse 4.23/Content/ThirdPersonBP/Maps/loadout_map.umap" TEMPLATE=0 SHOWPROGRESS=1 FEATURELEVEL=3
[2019.12.09-04.18.55:247][577]LightingResults: New page: Lighting Build
[2019.12.09-04.18.55:247][577]LoadErrors: New page: Loading map: loadout_map.umap
[2019.12.09-04.18.55:248][577]LogWorld: UWorld::CleanupWorld for stronghold, bSessionEnded=true, bCleanupResources=true
[2019.12.09-04.18.55:248][577]MapCheck: New page: Map Check
[2019.12.09-04.18.55:248][577]LightingResults: New page: Lighting Build
[2019.12.09-04.18.55:284][577]LogUObjectHash: Compacting FUObjectHashTables data took   2.80ms
[2019.12.09-04.18.55:285][577]LogEditorServer: Finished looking for orphan Actors (0.000 secs)
[2019.12.09-04.18.55:321][577]LogUObjectHash: Compacting FUObjectHashTables data took   2.60ms
[2019.12.09-04.18.55:370][577]Cmd: MAP CHECKDEP NOCLEARLOG
[2019.12.09-04.18.55:370][577]MapCheck: Map check complete: 0 Error(s), 0 Warning(s), took 0.066ms to complete.
[2019.12.09-04.18.55:370][577]LogFileHelpers: Loading map 'loadout_map' took 0.124
[2019.12.09-04.18.56:506][706]LogTemp: Repeating last play command: Selected Viewport
[2019.12.09-04.18.56:542][706]LogBlueprintUserMessages: Early PlayInEditor Detection: Level '/Game/ThirdPersonBP/Maps/loadout_map.loadout_map:PersistentLevel' has LevelScriptBlueprint '/Game/ThirdPersonBP/Maps/loadout_map.loadout_map:PersistentLevel.loadout_map' with GeneratedClass '/Game/ThirdPersonBP/Maps/loadout_map.loadout_map_C' with ClassGeneratedBy '/Game/ThirdPersonBP/Maps/loadout_map.loadout_map:PersistentLevel.loadout_map'
[2019.12.09-04.18.56:542][706]LogPlayLevel: PlayLevel: No blueprints needed recompiling
[2019.12.09-04.18.56:542][706]PIE: New page: PIE session: loadout_map (9 Dec 2019 8:18:56 pm)
[2019.12.09-04.18.56:542][706]LogPlayLevel: Creating play world package: /Game/ThirdPersonBP/Maps/UEDPIE_0_loadout_map
[2019.12.09-04.18.56:543][706]LogPlayLevel: PIE: StaticDuplicateObject took: (0.000780s)
[2019.12.09-04.18.56:544][706]LogAIModule: Creating AISystem for world loadout_map
[2019.12.09-04.18.56:544][706]LogPlayLevel: PIE: World Init took: (0.000753s)
[2019.12.09-04.18.56:544][706]LogPlayLevel: PIE: Created PIE world by copying editor world from /Game/ThirdPersonBP/Maps/loadout_map.loadout_map to /Game/ThirdPersonBP/Maps/UEDPIE_0_loadout_map.loadout_map (0.001623s)
[2019.12.09-04.18.56:577][706]LogUObjectHash: Compacting FUObjectHashTables data took   2.75ms
[2019.12.09-04.18.56:596][706]LogInit: XAudio2 using 'VoiceMeeter Input (VB-Audio VoiceMeeter VAIO)' : 2 channels at 48 kHz using 16 bits per sample (channel mask 0x3)
[2019.12.09-04.18.56:604][706]LogInit: FAudioDevice initialized.
[2019.12.09-04.18.56:609][706]LogLoad: Game class is 'StandardProtocol_C'
[2019.12.09-04.18.56:610][706]LogWorld: Bringing World /Game/ThirdPersonBP/Maps/UEDPIE_0_loadout_map.loadout_map up for play (max tick rate 0) at 2019.12.09-12.18.56
[2019.12.09-04.18.56:610][706]LogWorld: Bringing up level for play took: 0.000339
[2019.12.09-04.18.56:610][706]LogOnline: OSS: Creating online subsystem instance for: :Context_12
[2019.12.09-04.18.56:615][706]PIE: Play in editor start time for /Game/ThirdPersonBP/Maps/UEDPIE_0_loadout_map -0.567
[2019.12.09-04.18.56:615][706]LogBlueprintUserMessages: Late PlayInEditor Detection: Level '/Game/ThirdPersonBP/Maps/loadout_map.loadout_map:PersistentLevel' has LevelScriptBlueprint '/Game/ThirdPersonBP/Maps/loadout_map.loadout_map:PersistentLevel.loadout_map' with GeneratedClass '/Game/ThirdPersonBP/Maps/loadout_map.loadout_map_C' with ClassGeneratedBy '/Game/ThirdPersonBP/Maps/loadout_map.loadout_map:PersistentLevel.loadout_map'
[2019.12.09-04.18.57:756][841]LogSlate: FSceneViewport::OnFocusLost() reason 0
[2019.12.09-04.18.58:582][940]LogNet: Browse: /Game/ThirdPersonBP/Maps/stronghold
[2019.12.09-04.18.58:582][940]LogLoad: LoadMap: /Game/ThirdPersonBP/Maps/stronghold
[2019.12.09-04.18.58:582][940]LogWorld: BeginTearingDown for /Game/ThirdPersonBP/Maps/UEDPIE_0_loadout_map
[2019.12.09-04.18.58:582][940]LogWorld: UWorld::CleanupWorld for loadout_map, bSessionEnded=true, bCleanupResources=true
[2019.12.09-04.18.58:618][940]LogUObjectHash: Compacting FUObjectHashTables data took   2.72ms
[2019.12.09-04.18.58:632][940]LogAIModule: Creating AISystem for world stronghold
[2019.12.09-04.18.58:632][940]LogLoad: Game class is 'StandardProtocol_C'
[2019.12.09-04.18.58:641][940]LogWorld: Bringing World /Game/ThirdPersonBP/Maps/UEDPIE_0_stronghold.stronghold up for play (max tick rate 0) at 2019.12.09-12.18.58
[2019.12.09-04.18.58:641][940]LogWorld: Bringing up level for play took: 0.008007
[2019.12.09-04.18.58:646][940]LogLoad: Took 0.063501 seconds to LoadMap(/Game/ThirdPersonBP/Maps/stronghold)
[2019.12.09-04.19.00:023][105]LogSlate: FSceneViewport::OnFocusLost() reason 0
[2019.12.09-04.19.12:425][593]LogSlate: FSceneViewport::OnFocusLost() reason 0
[2019.12.09-04.19.17:796][237]LogScript: Warning: Accessed None trying to read property factory
	factory_hud_C /Engine/Transient.UnrealEdEngine_0:game_data_C_2.factory_hud_C_0
	Function /Game/ThirdPersonBP/Blueprints/UI/HUD/factory_hud.factory_hud_C:get mech type:0027
[2019.12.09-04.19.25:363][145]LogSlate: FSceneViewport::OnFocusLost() reason 0
[2019.12.09-04.19.25:522][164]LogBlueprintUserMessages: Early EndPlayMap Detection: Level '/Game/ThirdPersonBP/Maps/loadout_map.loadout_map:PersistentLevel' has LevelScriptBlueprint '/Game/ThirdPersonBP/Maps/loadout_map.loadout_map:PersistentLevel.loadout_map' with GeneratedClass '/Game/ThirdPersonBP/Maps/loadout_map.loadout_map_C' with ClassGeneratedBy '/Game/ThirdPersonBP/Maps/loadout_map.loadout_map:PersistentLevel.loadout_map'
[2019.12.09-04.19.25:522][164]LogSlate: Updating window title bar state: overlay mode, drag disabled, window buttons hidden, title bar hidden
[2019.12.09-04.19.25:522][164]LogWorld: BeginTearingDown for /Game/ThirdPersonBP/Maps/UEDPIE_0_stronghold
[2019.12.09-04.19.25:523][164]LogWorld: UWorld::CleanupWorld for stronghold, bSessionEnded=true, bCleanupResources=true
[2019.12.09-04.19.25:530][164]LogPlayLevel: Display: Shutting down PIE online subsystems
[2019.12.09-04.19.25:531][164]LogBlueprintUserMessages: Late EndPlayMap Detection: Level '/Game/ThirdPersonBP/Maps/loadout_map.loadout_map:PersistentLevel' has LevelScriptBlueprint '/Game/ThirdPersonBP/Maps/loadout_map.loadout_map:PersistentLevel.loadout_map' with GeneratedClass '/Game/ThirdPersonBP/Maps/loadout_map.loadout_map_C' with ClassGeneratedBy '/Game/ThirdPersonBP/Maps/loadout_map.loadout_map:PersistentLevel.loadout_map'
[2019.12.09-04.19.25:570][164]LogSlate: Updating window title bar state: overlay mode, drag disabled, window buttons hidden, title bar hidden
[2019.12.09-04.19.25:574][164]LogUObjectHash: Compacting FUObjectHashTables data took   2.78ms
[2019.12.09-04.19.25:631][170]LogPlayLevel: Display: Destroying online subsystem :Context_12
[2019.12.09-04.19.33:979][170]LogSlate: FSceneViewport::OnFocusLost() reason 0
[2019.12.09-04.19.45:233][513]LogUObjectHash: Compacting FUObjectHashTables data took   3.10ms
[2019.12.09-04.19.54:210][513]LogSlate: Window 'Delete Assets' being destroyed
[2019.12.09-04.20.07:654][513]LogWorld: UWorld::CleanupWorld for World_6, bSessionEnded=true, bCleanupResources=true
[2019.12.09-04.20.07:679][513]LogWorld: UWorld::CleanupWorld for World_5, bSessionEnded=true, bCleanupResources=true
[2019.12.09-04.20.07:734][513]LogWorld: UWorld::CleanupWorld for World_8, bSessionEnded=true, bCleanupResources=true
[2019.12.09-04.20.07:738][513]LogWorld: UWorld::CleanupWorld for World_7, bSessionEnded=true, bCleanupResources=true
[2019.12.09-04.20.07:783][513]LogUObjectGlobals: Force Deleting 1 Package(s):
	Asset Name: /Game/ThirdPersonBP/Blueprints/UI/menus/master_menu.master_menu
[2019.12.09-04.20.09:045][513]LogUObjectHash: Compacting FUObjectHashTables data took   3.33ms
[2019.12.09-04.20.09:079][513]LogUObjectHash: Compacting FUObjectHashTables data took   2.94ms
[2019.12.09-04.20.09:108][513]LogUObjectHash: Compacting FUObjectHashTables data took   0.79ms
[2019.12.09-04.20.09:501][513]SourceControl: Error: Updated 0 paths from the index
[2019.12.09-04.20.09:692][513]SourceControl: rm 'ProtocolApocolypse 4.23/Content/ThirdPersonBP/Blueprints/UI/menus/master_menu.uasset'
[2019.12.09-04.20.12:427][796]LogTemp: Repeating last play command: Selected Viewport
[2019.12.09-04.20.12:451][796]LogBlueprintUserMessages: Early PlayInEditor Detection: Level '/Game/ThirdPersonBP/Maps/loadout_map.loadout_map:PersistentLevel' has LevelScriptBlueprint '/Game/ThirdPersonBP/Maps/loadout_map.loadout_map:PersistentLevel.loadout_map' with GeneratedClass '/Game/ThirdPersonBP/Maps/loadout_map.loadout_map_C' with ClassGeneratedBy '/Game/ThirdPersonBP/Maps/loadout_map.loadout_map:PersistentLevel.loadout_map'
[2019.12.09-04.20.12:451][796]LogPlayLevel: PlayLevel: No blueprints needed recompiling
[2019.12.09-04.20.12:451][796]PIE: New page: PIE session: loadout_map (9 Dec 2019 8:20:12 pm)
[2019.12.09-04.20.12:452][796]LogPlayLevel: Creating play world package: /Game/ThirdPersonBP/Maps/UEDPIE_0_loadout_map
[2019.12.09-04.20.12:452][796]LogPlayLevel: PIE: StaticDuplicateObject took: (0.000734s)
[2019.12.09-04.20.12:453][796]LogAIModule: Creating AISystem for world loadout_map
[2019.12.09-04.20.12:453][796]LogPlayLevel: PIE: World Init took: (0.000780s)
[2019.12.09-04.20.12:453][796]LogPlayLevel: PIE: Created PIE world by copying editor world from /Game/ThirdPersonBP/Maps/loadout_map.loadout_map to /Game/ThirdPersonBP/Maps/UEDPIE_0_loadout_map.loadout_map (0.001604s)
[2019.12.09-04.20.12:483][796]LogUObjectHash: Compacting FUObjectHashTables data took   2.56ms
[2019.12.09-04.20.12:500][796]LogInit: XAudio2 using 'VoiceMeeter Input (VB-Audio VoiceMeeter VAIO)' : 2 channels at 48 kHz using 16 bits per sample (channel mask 0x3)
[2019.12.09-04.20.12:508][796]LogInit: FAudioDevice initialized.
[2019.12.09-04.20.12:513][796]LogLoad: Game class is 'StandardProtocol_C'
[2019.12.09-04.20.12:514][796]LogWorld: Bringing World /Game/ThirdPersonBP/Maps/UEDPIE_0_loadout_map.loadout_map up for play (max tick rate 0) at 2019.12.09-12.20.12
[2019.12.09-04.20.12:514][796]LogWorld: Bringing up level for play took: 0.000355
[2019.12.09-04.20.12:514][796]LogOnline: OSS: Creating online subsystem instance for: :Context_13
[2019.12.09-04.20.12:516][796]LogScript: Warning: Accessed None trying to read property CallFunc_Create_ReturnValue
	loadout_cam_C /Game/ThirdPersonBP/Maps/UEDPIE_0_loadout_map.loadout_map:PersistentLevel.loadout_cam_C_0
	Function /Game/ThirdPersonBP/Blueprints/units/loadout_cam.loadout_cam_C:ExecuteUbergraph_loadout_cam:0103
[2019.12.09-04.20.12:516][796]PIE: Error: Blueprint Runtime Error: "Accessed None trying to read property CallFunc_Create_ReturnValue". Blueprint:  loadout_cam Function:  Execute Ubergraph Loadout Cam Graph:  EventGraph Node:  Add to Viewport
[2019.12.09-04.20.12:516][796]PIE: Play in editor start time for /Game/ThirdPersonBP/Maps/UEDPIE_0_loadout_map -0.666
[2019.12.09-04.20.12:516][796]LogBlueprintUserMessages: Late PlayInEditor Detection: Level '/Game/ThirdPersonBP/Maps/loadout_map.loadout_map:PersistentLevel' has LevelScriptBlueprint '/Game/ThirdPersonBP/Maps/loadout_map.loadout_map:PersistentLevel.loadout_map' with GeneratedClass '/Game/ThirdPersonBP/Maps/loadout_map.loadout_map_C' with ClassGeneratedBy '/Game/ThirdPersonBP/Maps/loadout_map.loadout_map:PersistentLevel.loadout_map'
[2019.12.09-04.20.15:797][188]LogSlate: FSceneViewport::OnFocusLost() reason 0
[2019.12.09-04.20.15:906][201]LogBlueprintUserMessages: Early EndPlayMap Detection: Level '/Game/ThirdPersonBP/Maps/loadout_map.loadout_map:PersistentLevel' has LevelScriptBlueprint '/Game/ThirdPersonBP/Maps/loadout_map.loadout_map:PersistentLevel.loadout_map' with GeneratedClass '/Game/ThirdPersonBP/Maps/loadout_map.loadout_map_C' with ClassGeneratedBy '/Game/ThirdPersonBP/Maps/loadout_map.loadout_map:PersistentLevel.loadout_map'
[2019.12.09-04.20.15:906][201]LogSlate: Updating window title bar state: overlay mode, drag disabled, window buttons hidden, title bar hidden
[2019.12.09-04.20.15:906][201]LogWorld: BeginTearingDown for /Game/ThirdPersonBP/Maps/UEDPIE_0_loadout_map
[2019.12.09-04.20.15:906][201]LogWorld: UWorld::CleanupWorld for loadout_map, bSessionEnded=true, bCleanupResources=true
[2019.12.09-04.20.15:914][201]LogPlayLevel: Display: Shutting down PIE online subsystems
[2019.12.09-04.20.15:914][201]LogBlueprintUserMessages: Late EndPlayMap Detection: Level '/Game/ThirdPersonBP/Maps/loadout_map.loadout_map:PersistentLevel' has LevelScriptBlueprint '/Game/ThirdPersonBP/Maps/loadout_map.loadout_map:PersistentLevel.loadout_map' with GeneratedClass '/Game/ThirdPersonBP/Maps/loadout_map.loadout_map_C' with ClassGeneratedBy '/Game/ThirdPersonBP/Maps/loadout_map.loadout_map:PersistentLevel.loadout_map'
[2019.12.09-04.20.15:950][201]LogSlate: Updating window title bar state: overlay mode, drag disabled, window buttons hidden, title bar hidden
[2019.12.09-04.20.15:953][201]LogUObjectHash: Compacting FUObjectHashTables data took   2.69ms
[2019.12.09-04.20.16:009][205]LogPlayLevel: Display: Destroying online subsystem :Context_13
[2019.12.09-04.20.18:440][491]LogAssetEditorManager: Opening Asset editor for Blueprint /Game/ThirdPersonBP/Blueprints/units/loadout_cam.loadout_cam
[2019.12.09-04.20.50:010][203]LogOutputDevice: Warning: 

Script Stack (0 frames):

[2019.12.09-04.20.50:010][203]LogWindows: Windows GetLastError: The operation completed successfully. (0)
[2019.12.09-04.20.52:638][203]LogWindows: Error: === Critical error: ===
[2019.12.09-04.20.52:638][203]LogWindows: Error: 
[2019.12.09-04.20.52:638][203]LogWindows: Error: Fatal error: [File:D:/Build/++UE4/Sync/Engine/Source/Runtime/Engine/Private/BlueprintGeneratedClass.cpp] [Line: 161] 
[2019.12.09-04.20.52:638][203]LogWindows: Error: UBlueprintGeneratedClass::GetAuthoritativeClass: ClassGeneratedBy is null. class '/Engine/Transient.DEADCLASS_master_menu_C_0'
[2019.12.09-04.20.52:638][203]LogWindows: Error: 
[2019.12.09-04.20.52:638][203]LogWindows: Error: 
[2019.12.09-04.20.52:638][203]LogWindows: Error: [Callstack] 0x00007ffadbd8a839 KERNELBASE.dll!UnknownFunction []
[2019.12.09-04.20.52:638][203]LogWindows: Error: [Callstack] 0x00007ffa87cca367 UE4Editor-Core.dll!UnknownFunction []
[2019.12.09-04.20.52:638][203]LogWindows: Error: [Callstack] 0x00007ffa87cccbc4 UE4Editor-Core.dll!UnknownFunction []
[2019.12.09-04.20.52:638][203]LogWindows: Error: [Callstack] 0x00007ffa87ac1ada UE4Editor-Core.dll!UnknownFunction []
[2019.12.09-04.20.52:638][203]LogWindows: Error: [Callstack] 0x00007ffa87a167a3 UE4Editor-Core.dll!UnknownFunction []
[2019.12.09-04.20.52:638][203]LogWindows: Error: [Callstack] 0x00007ffa87a16688 UE4Editor-Core.dll!UnknownFunction []
[2019.12.09-04.20.52:638][203]LogWindows: Error: [Callstack] 0x00007ffa843df37d UE4Editor-Engine.dll!UnknownFunction []
[2019.12.09-04.20.52:638][203]LogWindows: Error: [Callstack] 0x00007ffa7dbd6ab1 UE4Editor-BlueprintGraph.dll!UnknownFunction []
[2019.12.09-04.20.52:638][203]LogWindows: Error: [Callstack] 0x00007ffa7db9b5a3 UE4Editor-BlueprintGraph.dll!UnknownFunction []
[2019.12.09-04.20.52:638][203]LogWindows: Error: [Callstack] 0x00007ffa7db9b833 UE4Editor-BlueprintGraph.dll!UnknownFunction []
[2019.12.09-04.20.52:638][203]LogWindows: Error: [Callstack] 0x00007ffa7db9dc22 UE4Editor-BlueprintGraph.dll!UnknownFunction []
[2019.12.09-04.20.52:638][203]LogWindows: Error: [Callstack] 0x00007ffa847c527b UE4Editor-Engine.dll!UnknownFunction []
[2019.12.09-04.20.52:638][203]LogWindows: Error: [Callstack] 0x00007ffa7dbf52ea UE4Editor-BlueprintGraph.dll!UnknownFunction []
[2019.12.09-04.20.52:638][203]LogWindows: Error: [Callstack] 0x00007ffa7dc30c79 UE4Editor-BlueprintGraph.dll!UnknownFunction []
[2019.12.09-04.20.52:638][203]LogWindows: Error: [Callstack] 0x00007ffa7dbf5b62 UE4Editor-BlueprintGraph.dll!UnknownFunction []
[2019.12.09-04.20.52:638][203]LogWindows: Error: [Callstack] 0x00007ffa79833885 UE4Editor-GraphEditor.dll!UnknownFunction []
[2019.12.09-04.20.52:638][203]LogWindows: Error: [Callstack] 0x00007ffa797ab079 UE4Editor-GraphEditor.dll!UnknownFunction []
[2019.12.09-04.20.52:638][203]LogWindows: Error: [Callstack] 0x00007ffa779bc5e8 UE4Editor-ClassViewer.dll!UnknownFunction []
[2019.12.09-04.20.52:638][203]LogWindows: Error: [Callstack] 0x00007ffa779ab144 UE4Editor-ClassViewer.dll!UnknownFunction []
[2019.12.09-04.20.52:638][203]LogWindows: Error: [Callstack] 0x00007ffa779c740a UE4Editor-ClassViewer.dll!UnknownFunction []
[2019.12.09-04.20.52:639][203]LogWindows: Error: [Callstack] 0x00007ffa779c1bde UE4Editor-ClassViewer.dll!UnknownFunction []
[2019.12.09-04.20.52:639][203]LogWindows: Error: [Callstack] 0x00007ffa838d5231 UE4Editor-Slate.dll!UnknownFunction []
[2019.12.09-04.20.52:639][203]LogWindows: Error: [Callstack] 0x00007ffa8395b4f1 UE4Editor-Slate.dll!UnknownFunction []
[2019.12.09-04.20.52:639][203]LogWindows: Error: [Callstack] 0x00007ffa839452e8 UE4Editor-Slate.dll!UnknownFunction []
[2019.12.09-04.20.52:639][203]LogWindows: Error: [Callstack] 0x00007ffa83939c91 UE4Editor-Slate.dll!UnknownFunction []
[2019.12.09-04.20.52:639][203]LogWindows: Error: [Callstack] 0x00007ffa87514e02 UE4Editor-ApplicationCore.dll!UnknownFunction []
[2019.12.09-04.20.52:639][203]LogWindows: Error: [Callstack] 0x00007ffa875026df UE4Editor-ApplicationCore.dll!UnknownFunction []
[2019.12.09-04.20.52:639][203]LogWindows: Error: [Callstack] 0x00007ffa87517340 UE4Editor-ApplicationCore.dll!UnknownFunction []
[2019.12.09-04.20.52:639][203]LogWindows: Error: [Callstack] 0x00007ffa874fedd0 UE4Editor-ApplicationCore.dll!UnknownFunction []
[2019.12.09-04.20.52:639][203]LogWindows: Error: [Callstack] 0x00007ffadd4963ed USER32.dll!UnknownFunction []
[2019.12.09-04.20.52:639][203]LogWindows: Error: [Callstack] 0x00007ffadd495de2 USER32.dll!UnknownFunction []
[2019.12.09-04.20.52:639][203]LogWindows: Error: [Callstack] 0x00007ffa875188e9 UE4Editor-ApplicationCore.dll!UnknownFunction []
[2019.12.09-04.20.52:639][203]LogWindows: Error: [Callstack] 0x00007ff6feda6980 UE4Editor.exe!UnknownFunction []
[2019.12.09-04.20.52:639][203]LogWindows: Error: [Callstack] 0x00007ff6fedba91c UE4Editor.exe!UnknownFunction []
[2019.12.09-04.20.52:639][203]LogWindows: Error: [Callstack] 0x00007ff6fedba9fa UE4Editor.exe!UnknownFunction []
[2019.12.09-04.20.52:639][203]LogWindows: Error: [Callstack] 0x00007ff6fedcb92c UE4Editor.exe!UnknownFunction []
[2019.12.09-04.20.52:639][203]LogWindows: Error: [Callstack] 0x00007ff6fedce60e UE4Editor.exe!UnknownFunction []
[2019.12.09-04.20.52:639][203]LogWindows: Error: [Callstack] 0x00007ffadcac7bd4 KERNEL32.DLL!UnknownFunction []
[2019.12.09-04.20.52:639][203]LogWindows: Error: [Callstack] 0x00007ffade90ced1 ntdll.dll!UnknownFunction []
[2019.12.09-04.20.52:639][203]LogWindows: Error: 
[2019.12.09-04.20.52:656][203]LogExit: Executing StaticShutdownAfterError
[2019.12.09-04.20.52:661][203]LogWindows: FPlatformMisc::RequestExit(1)
[2019.12.09-04.20.52:696][203]Log file closed, 12/09/19 12:20:52
